09:17:56,943 INFO  [Server] Starting JBoss (MX MicroKernel)...
09:17:56,944 INFO  [Server] Release ID: JBoss [Trinity] 4.2.3.GA (build: SVNTag=JBoss_4_2_3_GA date=200807181417)
09:17:56,944 DEBUG [Server] Using config: org.jboss.system.server.ServerConfigImpl@9bf7626
09:17:56,944 DEBUG [Server] Server type: class org.jboss.system.server.ServerImpl
09:17:56,944 DEBUG [Server] Server loaded through: org.jboss.system.server.NoAnnotationURLClassLoader
09:17:56,944 DEBUG [Server] Boot URLs:
09:17:56,944 DEBUG [Server]   file:/C:/apps/dcm4chee-2.18.1-mysql/lib/endorsed/serializer.jar
09:17:56,944 DEBUG [Server]   file:/C:/apps/dcm4chee-2.18.1-mysql/lib/endorsed/xalan.jar
09:17:56,944 DEBUG [Server]   file:/C:/apps/dcm4chee-2.18.1-mysql/lib/endorsed/xercesImpl.jar
09:17:56,945 DEBUG [Server]   file:/C:/apps/dcm4chee-2.18.1-mysql/lib/jboss-jmx.jar
09:17:56,945 DEBUG [Server]   file:/C:/apps/dcm4chee-2.18.1-mysql/lib/concurrent.jar
09:17:56,945 DEBUG [Server]   file:/C:/apps/dcm4chee-2.18.1-mysql/lib/log4j-boot.jar
09:17:56,945 DEBUG [Server]   file:/C:/apps/dcm4chee-2.18.1-mysql/lib/jboss-common.jar
09:17:56,945 DEBUG [Server]   file:/C:/apps/dcm4chee-2.18.1-mysql/lib/jboss-system.jar
09:17:56,945 DEBUG [Server]   file:/C:/apps/dcm4chee-2.18.1-mysql/lib/jboss-xml-binding.jar
09:17:56,945 INFO  [Server] Home Dir: C:\apps\dcm4chee-2.18.1-mysql
09:17:56,945 INFO  [Server] Home URL: file:/C:/apps/dcm4chee-2.18.1-mysql/
09:17:56,946 DEBUG [Server] Library URL: file:/C:/apps/dcm4chee-2.18.1-mysql/lib/
09:17:56,946 INFO  [Server] Patch URL: null
09:17:56,946 INFO  [Server] Server Name: default
09:17:56,947 INFO  [Server] Server Home Dir: C:\apps\dcm4chee-2.18.1-mysql\server\default
09:17:56,947 INFO  [Server] Server Home URL: file:/C:/apps/dcm4chee-2.18.1-mysql/server/default/
09:17:56,947 INFO  [Server] Server Log Dir: C:\apps\dcm4chee-2.18.1-mysql\server\default\log
09:17:56,948 DEBUG [Server] Server Data Dir: C:\apps\dcm4chee-2.18.1-mysql\server\default\data
09:17:56,948 INFO  [Server] Server Temp Dir: C:\apps\dcm4chee-2.18.1-mysql\server\default\tmp
09:17:56,948 DEBUG [Server] Server Config URL: file:/C:/apps/dcm4chee-2.18.1-mysql/server/default/conf/
09:17:56,948 DEBUG [Server] Server Library URL: file:/C:/apps/dcm4chee-2.18.1-mysql/server/default/lib/
09:17:56,948 INFO  [Server] Root Deployment Filename: jboss-service.xml
09:17:56,951 DEBUG [Server] Starting General Purpose Architecture (GPA)...
09:17:57,058 DEBUG [Server] Created MBeanServer: org.jboss.mx.server.MBeanServerImpl@3435ebde[ defaultDomain='jboss' ]
09:17:57,073 DEBUG [Server] Boot url list: [file:/C:/apps/dcm4chee-2.18.1-mysql/server/default/conf/]
09:17:57,073 DEBUG [Server] Creating loader for URL: file:/C:/apps/dcm4chee-2.18.1-mysql/server/default/conf/
09:17:57,077 DEBUG [RepositoryClassLoader] setRepository, repository=org.jboss.mx.loading.UnifiedLoaderRepository3@74979fc6, cl=org.jboss.mx.loading.UnifiedClassLoader3@678cf0f{ url=file:/C:/apps/dcm4chee-2.18.1-mysql/server/default/conf/ ,addedOrder=0}
09:17:57,077 DEBUG [RepositoryClassLoader] setRepository, repository=org.jboss.mx.loading.UnifiedLoaderRepository3@74979fc6, cl=org.jboss.mx.loading.UnifiedClassLoader3@678cf0f{ url=file:/C:/apps/dcm4chee-2.18.1-mysql/server/default/conf/ ,addedOrder=0}
09:17:57,077 DEBUG [UnifiedLoaderRepository3] Adding org.jboss.mx.loading.UnifiedClassLoader3@678cf0f{ url=file:/C:/apps/dcm4chee-2.18.1-mysql/server/default/conf/ ,addedOrder=0}
09:17:57,245 DEBUG [Server] Failed to create xmbean for: org.jboss.system.server.ServerInfo
09:17:57,249 INFO  [ServerInfo] Java version: 1.8.0_31,Oracle Corporation
09:17:57,249 INFO  [ServerInfo] Java VM: Java HotSpot(TM) 64-Bit Server VM 25.31-b07,Oracle Corporation
09:17:57,250 INFO  [ServerInfo] OS-System: Windows 8.1 6.3,amd64
09:17:57,250 DEBUG [ServerInfo] Full System Properties Dump
09:17:57,250 DEBUG [ServerInfo]     java.vendor: Oracle Corporation
09:17:57,250 DEBUG [ServerInfo]     sun.java.launcher: SUN_STANDARD
09:17:57,250 DEBUG [ServerInfo]     sun.management.compiler: HotSpot 64-Bit Tiered Compilers
09:17:57,250 DEBUG [ServerInfo]     os.name: Windows 8.1
09:17:57,250 DEBUG [ServerInfo]     sun.boot.class.path: C:\apps\dcm4chee-2.18.1-mysql\lib\endorsed\serializer.jar;C:\apps\dcm4chee-2.18.1-mysql\lib\endorsed\xalan.jar;C:\apps\dcm4chee-2.18.1-mysql\lib\endorsed\xercesImpl.jar;C:\Program Files\Java\jdk1.8.0_31\jre\lib\resources.jar;C:\Program Files\Java\jdk1.8.0_31\jre\lib\rt.jar;C:\Program Files\Java\jdk1.8.0_31\jre\lib\sunrsasign.jar;C:\Program Files\Java\jdk1.8.0_31\jre\lib\jsse.jar;C:\Program Files\Java\jdk1.8.0_31\jre\lib\jce.jar;C:\Program Files\Java\jdk1.8.0_31\jre\lib\charsets.jar;C:\Program Files\Java\jdk1.8.0_31\jre\lib\jfr.jar;C:\Program Files\Java\jdk1.8.0_31\jre\classes
09:17:57,251 DEBUG [ServerInfo]     sun.desktop: windows
09:17:57,251 DEBUG [ServerInfo]     java.vm.specification.vendor: Oracle Corporation
09:17:57,251 DEBUG [ServerInfo]     java.runtime.version: 1.8.0_31-b13
09:17:57,251 DEBUG [ServerInfo]     user.name: Esther
09:17:57,251 DEBUG [ServerInfo]     jboss.bind.address: 0.0.0.0
09:17:57,251 DEBUG [ServerInfo]     jboss.home.dir: C:\apps\dcm4chee-2.18.1-mysql
09:17:57,251 DEBUG [ServerInfo]     user.language: en
09:17:57,251 DEBUG [ServerInfo]     jboss.messaging.ServerPeerID: 0
09:17:57,251 DEBUG [ServerInfo]     sun.boot.library.path: C:\Program Files\Java\jdk1.8.0_31\jre\bin
09:17:57,251 DEBUG [ServerInfo]     jboss.home.url: file:/C:/apps/dcm4chee-2.18.1-mysql/
09:17:57,251 DEBUG [ServerInfo]     java.version: 1.8.0_31
09:17:57,251 DEBUG [ServerInfo]     user.timezone: America/New_York
09:17:57,251 DEBUG [ServerInfo]     jboss.server.home.dir: C:\apps\dcm4chee-2.18.1-mysql\server\default
09:17:57,251 DEBUG [ServerInfo]     jgroups.bind_addr: Sheniqua
09:17:57,251 DEBUG [ServerInfo]     sun.arch.data.model: 64
09:17:57,251 DEBUG [ServerInfo]     java.endorsed.dirs: C:\apps\dcm4chee-2.18.1-mysql\lib\endorsed
09:17:57,251 DEBUG [ServerInfo]     jboss.server.home.url: file:/C:/apps/dcm4chee-2.18.1-mysql/server/default/
09:17:57,251 DEBUG [ServerInfo]     sun.cpu.isalist: amd64
09:17:57,251 DEBUG [ServerInfo]     sun.jnu.encoding: Cp1252
09:17:57,251 DEBUG [ServerInfo]     file.encoding.pkg: sun.io
09:17:57,252 DEBUG [ServerInfo]     file.separator: \
09:17:57,252 DEBUG [ServerInfo]     java.specification.name: Java Platform API Specification
09:17:57,252 DEBUG [ServerInfo]     java.class.version: 52.0
09:17:57,252 DEBUG [ServerInfo]     jboss.server.config.url: file:/C:/apps/dcm4chee-2.18.1-mysql/server/default/conf/
09:17:57,252 DEBUG [ServerInfo]     user.country: US
09:17:57,252 DEBUG [ServerInfo]     java.home: C:\Program Files\Java\jdk1.8.0_31\jre
09:17:57,252 DEBUG [ServerInfo]     java.vm.info: mixed mode
09:17:57,252 DEBUG [ServerInfo]     jboss.lib.url: file:/C:/apps/dcm4chee-2.18.1-mysql/lib/
09:17:57,252 DEBUG [ServerInfo]     bind.address: Sheniqua
09:17:57,252 DEBUG [ServerInfo]     os.version: 6.3
09:17:57,252 DEBUG [ServerInfo]     path.separator: ;
09:17:57,252 DEBUG [ServerInfo]     java.vm.version: 25.31-b07
09:17:57,252 DEBUG [ServerInfo]     user.variant: 
09:17:57,252 DEBUG [ServerInfo]     java.protocol.handler.pkgs: org.jboss.net.protocol
09:17:57,252 DEBUG [ServerInfo]     java.awt.printerjob: sun.awt.windows.WPrinterJob
09:17:57,252 DEBUG [ServerInfo]     sun.io.unicode.encoding: UnicodeLittle
09:17:57,252 DEBUG [ServerInfo]     awt.toolkit: sun.awt.windows.WToolkit
09:17:57,252 DEBUG [ServerInfo]     sun.stdout.encoding: cp437
09:17:57,252 DEBUG [ServerInfo]     user.script: 
09:17:57,253 DEBUG [ServerInfo]     jboss.server.temp.dir: C:\apps\dcm4chee-2.18.1-mysql\server\default\tmp
09:17:57,253 DEBUG [ServerInfo]     sun.rmi.dgc.client.gcInterval: 3600000
09:17:57,253 DEBUG [ServerInfo]     user.home: C:\Users\Esther
09:17:57,253 DEBUG [ServerInfo]     java.specification.vendor: Oracle Corporation
09:17:57,253 DEBUG [ServerInfo]     java.library.path: C:\apps\dcm4chee-2.18.1-mysql\bin\native
09:17:57,253 DEBUG [ServerInfo]     java.vendor.url: http://java.oracle.com/
09:17:57,253 DEBUG [ServerInfo]     program.name: run.bat
09:17:57,253 DEBUG [ServerInfo]     java.vm.vendor: Oracle Corporation
09:17:57,253 DEBUG [ServerInfo]     sun.rmi.dgc.server.gcInterval: 3600000
09:17:57,253 DEBUG [ServerInfo]     java.runtime.name: Java(TM) SE Runtime Environment
09:17:57,253 DEBUG [ServerInfo]     sun.java.command: org.jboss.Main -b 0.0.0.0
09:17:57,253 DEBUG [ServerInfo]     java.class.path: C:\Program Files\Java\jdk1.8.0_31\lib\tools.jar;C:\apps\dcm4chee-2.18.1-mysql\bin\run.jar
09:17:57,253 DEBUG [ServerInfo]     jboss.server.log.dir: C:\apps\dcm4chee-2.18.1-mysql\server\default\log
09:17:57,253 DEBUG [ServerInfo]     jbossmx.loader.repository.class: org.jboss.mx.loading.UnifiedLoaderRepository3
09:17:57,253 DEBUG [ServerInfo]     app.name: dcm4chee
09:17:57,253 DEBUG [ServerInfo]     java.vm.specification.name: Java Virtual Machine Specification
09:17:57,253 DEBUG [ServerInfo]     java.vm.specification.version: 1.8
09:17:57,253 DEBUG [ServerInfo]     sun.cpu.endian: little
09:17:57,253 DEBUG [ServerInfo]     sun.os.patch.level: 
09:17:57,253 DEBUG [ServerInfo]     jboss.server.lib.url: file:/C:/apps/dcm4chee-2.18.1-mysql/server/default/lib/
09:17:57,253 DEBUG [ServerInfo]     java.io.tmpdir: C:\Users\Esther\AppData\Local\Temp\
09:17:57,253 DEBUG [ServerInfo]     java.vendor.url.bug: http://bugreport.sun.com/bugreport/
09:17:57,254 DEBUG [ServerInfo]     jboss.server.data.dir: C:\apps\dcm4chee-2.18.1-mysql\server\default\data
09:17:57,254 DEBUG [ServerInfo]     java.rmi.server.hostname: Sheniqua
09:17:57,254 DEBUG [ServerInfo]     os.arch: amd64
09:17:57,254 DEBUG [ServerInfo]     java.awt.graphicsenv: sun.awt.Win32GraphicsEnvironment
09:17:57,254 DEBUG [ServerInfo]     java.ext.dirs: C:\Program Files\Java\jdk1.8.0_31\jre\lib\ext;C:\Windows\Sun\Java\lib\ext
09:17:57,254 DEBUG [ServerInfo]     user.dir: C:\apps\dcm4chee-2.18.1-mysql\bin
09:17:57,254 DEBUG [ServerInfo]     line.separator: 

09:17:57,254 DEBUG [ServerInfo]     java.vm.name: Java HotSpot(TM) 64-Bit Server VM
09:17:57,254 DEBUG [ServerInfo]     jboss.server.base.dir: C:\apps\dcm4chee-2.18.1-mysql\server
09:17:57,254 DEBUG [ServerInfo]     jboss.server.base.url: file:/C:/apps/dcm4chee-2.18.1-mysql/server/
09:17:57,254 DEBUG [ServerInfo]     javax.management.builder.initial: org.jboss.mx.server.MBeanServerBuilderImpl
09:17:57,254 DEBUG [ServerInfo]     file.encoding: Cp1252
09:17:57,254 DEBUG [ServerInfo]     sun.stderr.encoding: cp437
09:17:57,254 DEBUG [ServerInfo]     java.specification.version: 1.8
09:17:57,254 DEBUG [ServerInfo]     javax.xml.transform.TransformerFactory: com.sun.org.apache.xalan.internal.xsltc.trax.TransformerFactoryImpl
09:17:57,254 DEBUG [ServerInfo]     jboss.server.name: default
09:17:57,266 DEBUG [Server] Created system MBean: jboss.system:type=ServerInfo
09:17:57,272 DEBUG [Server] Failed to create xmbean for: org.jboss.system.ServiceController
09:17:57,288 DEBUG [ServiceController] Controller MBean online
09:17:57,288 DEBUG [Server] Created system MBean: jboss.system:service=ServiceController
09:17:57,367 DEBUG [Server] Created system XMBean: jboss.system:service=MainDeployer
09:17:57,367 DEBUG [ServiceController] Creating service jboss.system:service=MainDeployer
09:17:57,376 DEBUG [MainDeployer] Creating jboss.system:service=MainDeployer
09:17:58,763 DEBUG [MainDeployer] Created jboss.system:service=MainDeployer
09:17:58,763 DEBUG [ServiceController] Creating dependent components for: jboss.system:service=MainDeployer dependents are: []
09:17:58,764 DEBUG [ServiceController] starting service jboss.system:service=MainDeployer
09:17:58,764 DEBUG [MainDeployer] Starting jboss.system:service=MainDeployer
09:17:58,764 DEBUG [MainDeployer] Started jboss.system:service=MainDeployer
09:17:58,764 DEBUG [ServiceController] Starting dependent components for: jboss.system:service=MainDeployer dependent components: []
09:17:58,766 DEBUG [Server] Shutdown hook added
09:17:58,814 DEBUG [Server] Created system XMBean: jboss.system:service=JARDeployer
09:17:58,814 DEBUG [ServiceController] Creating service jboss.system:service=JARDeployer
09:17:58,814 DEBUG [JARDeployer] Creating jboss.system:service=JARDeployer
09:17:58,823 DEBUG [JARDeployer] Created jboss.system:service=JARDeployer
09:17:58,823 DEBUG [ServiceController] Creating dependent components for: jboss.system:service=JARDeployer dependents are: []
09:17:58,823 DEBUG [ServiceController] starting service jboss.system:service=JARDeployer
09:17:58,824 DEBUG [JARDeployer] Starting jboss.system:service=JARDeployer
09:17:58,824 DEBUG [MainDeployer] Adding deployer: org.jboss.deployment.JARDeployer@58a415a4
09:17:58,824 DEBUG [SuffixOrderHelper] Static suffix exists; ignoring request for adding enhanced suffix: 700:.jar
09:17:58,824 DEBUG [JARDeployer] Started jboss.system:service=JARDeployer
09:17:58,824 DEBUG [ServiceController] Starting dependent components for: jboss.system:service=JARDeployer dependent components: []
09:17:58,841 DEBUG [Server] Created system XMBean: jboss.system:service=ServiceDeployer
09:17:58,841 DEBUG [ServiceController] Creating service jboss.system:service=ServiceDeployer
09:17:58,841 DEBUG [SARDeployer] Creating jboss.system:service=ServiceDeployer
09:17:58,848 DEBUG [SARDeployer] Created jboss.system:service=ServiceDeployer
09:17:58,848 DEBUG [ServiceController] Creating dependent components for: jboss.system:service=ServiceDeployer dependents are: []
09:17:58,848 DEBUG [ServiceController] starting service jboss.system:service=ServiceDeployer
09:17:58,849 DEBUG [SARDeployer] Starting jboss.system:service=ServiceDeployer
09:17:58,849 DEBUG [MainDeployer] Adding deployer: org.jboss.deployment.SARDeployer@307c44af
09:17:58,854 DEBUG [SARDeployer] Started jboss.system:service=ServiceDeployer
09:17:58,854 DEBUG [ServiceController] Starting dependent components for: jboss.system:service=ServiceDeployer dependent components: []
09:17:58,854 INFO  [Server] Core system initialized
09:17:58,894 DEBUG [MainDeployer] Starting deployment of package: file:/C:/apps/dcm4chee-2.18.1-mysql/server/default/conf/jboss-service.xml
09:17:58,894 DEBUG [MainDeployer] Starting deployment (init step) of package at: file:/C:/apps/dcm4chee-2.18.1-mysql/server/default/conf/jboss-service.xml
09:17:59,110 DEBUG [MainDeployer] Copying file:/C:/apps/dcm4chee-2.18.1-mysql/server/default/conf/jboss-service.xml -> C:\apps\dcm4chee-2.18.1-mysql\server\default\tmp\deploy\tmp8231865195710559748jboss-service.xml
09:17:59,117 DEBUG [MainDeployer] using deployer org.jboss.deployment.SARDeployer@307c44af
09:17:59,146 DEBUG [SARDeployer] Found classpath element: [classpath: null]
09:17:59,150 DEBUG [SARDeployer] codebase URL is file:/C:/apps/dcm4chee-2.18.1-mysql/server/default/lib/
09:17:59,150 DEBUG [SARDeployer] listing codebase for archives matching *
09:17:59,157 DEBUG [SARDeployer] URLLister class is org.jboss.net.protocol.file.FileURLLister
09:17:59,182 DEBUG [SARDeployer] deployed classes for file:/C:/apps/dcm4chee-2.18.1-mysql/server/default/lib/activation.jar
09:17:59,182 DEBUG [SARDeployer] deployed classes for file:/C:/apps/dcm4chee-2.18.1-mysql/server/default/lib/antlr.jar
09:17:59,182 DEBUG [SARDeployer] deployed classes for file:/C:/apps/dcm4chee-2.18.1-mysql/server/default/lib/autonumber-plugin.jar
09:17:59,182 DEBUG [SARDeployer] deployed classes for file:/C:/apps/dcm4chee-2.18.1-mysql/server/default/lib/avalon-framework-4.2.0.jar
09:17:59,182 DEBUG [SARDeployer] deployed classes for file:/C:/apps/dcm4chee-2.18.1-mysql/server/default/lib/batik-all-1.7.jar
09:17:59,182 DEBUG [SARDeployer] deployed classes for file:/C:/apps/dcm4chee-2.18.1-mysql/server/default/lib/bcel.jar
09:17:59,182 DEBUG [SARDeployer] deployed classes for file:/C:/apps/dcm4chee-2.18.1-mysql/server/default/lib/bindingservice-plugin.jar
09:17:59,182 DEBUG [SARDeployer] deployed classes for file:/C:/apps/dcm4chee-2.18.1-mysql/server/default/lib/bsf.jar
09:17:59,182 DEBUG [SARDeployer] deployed classes for file:/C:/apps/dcm4chee-2.18.1-mysql/server/default/lib/bsh-deployer.jar
09:17:59,182 DEBUG [SARDeployer] deployed classes for file:/C:/apps/dcm4chee-2.18.1-mysql/server/default/lib/bsh.jar
09:17:59,182 DEBUG [SARDeployer] deployed classes for file:/C:/apps/dcm4chee-2.18.1-mysql/server/default/lib/CAStorSDK-1.3.1-CS40.jar
09:17:59,182 DEBUG [SARDeployer] deployed classes for file:/C:/apps/dcm4chee-2.18.1-mysql/server/default/lib/cglib.jar
09:17:59,182 DEBUG [SARDeployer] deployed classes for file:/C:/apps/dcm4chee-2.18.1-mysql/server/default/lib/clibwrapper_jiio.jar
09:17:59,182 DEBUG [SARDeployer] deployed classes for file:/C:/apps/dcm4chee-2.18.1-mysql/server/default/lib/commons-codec.jar
09:17:59,182 DEBUG [SARDeployer] deployed classes for file:/C:/apps/dcm4chee-2.18.1-mysql/server/default/lib/commons-collections.jar
09:17:59,183 DEBUG [SARDeployer] deployed classes for file:/C:/apps/dcm4chee-2.18.1-mysql/server/default/lib/commons-compress-20050911.jar
09:17:59,183 DEBUG [SARDeployer] deployed classes for file:/C:/apps/dcm4chee-2.18.1-mysql/server/default/lib/commons-httpclient.jar
09:17:59,183 DEBUG [SARDeployer] deployed classes for file:/C:/apps/dcm4chee-2.18.1-mysql/server/default/lib/commons-io-1.3.1.jar
09:17:59,183 DEBUG [SARDeployer] deployed classes for file:/C:/apps/dcm4chee-2.18.1-mysql/server/default/lib/commons-logging.jar
09:17:59,183 DEBUG [SARDeployer] deployed classes for file:/C:/apps/dcm4chee-2.18.1-mysql/server/default/lib/dcm4che-audit-2.0.25.jar
09:17:59,183 DEBUG [SARDeployer] deployed classes for file:/C:/apps/dcm4chee-2.18.1-mysql/server/default/lib/dcm4che-base64-2.0.28.jar
09:17:59,183 DEBUG [SARDeployer] deployed classes for file:/C:/apps/dcm4chee-2.18.1-mysql/server/default/lib/dcm4che-core-2.0.28.jar
09:17:59,183 DEBUG [SARDeployer] deployed classes for file:/C:/apps/dcm4chee-2.18.1-mysql/server/default/lib/dcm4che-imageio-rle-2.0.25.jar
09:17:59,183 DEBUG [SARDeployer] deployed classes for file:/C:/apps/dcm4chee-2.18.1-mysql/server/default/lib/dcm4che-net-2.0.28.jar
09:17:59,183 DEBUG [SARDeployer] deployed classes for file:/C:/apps/dcm4chee-2.18.1-mysql/server/default/lib/dcm4che-soundex-2.0.25.jar
09:17:59,183 DEBUG [SARDeployer] deployed classes for file:/C:/apps/dcm4chee-2.18.1-mysql/server/default/lib/dcm4che.jar
09:17:59,183 DEBUG [SARDeployer] deployed classes for file:/C:/apps/dcm4chee-2.18.1-mysql/server/default/lib/dcm4chee-audit-logger-2.17.3.jar
09:17:59,183 DEBUG [SARDeployer] deployed classes for file:/C:/apps/dcm4chee-2.18.1-mysql/server/default/lib/dcm4chee-audit-login-2.17.3.jar
09:17:59,183 DEBUG [SARDeployer] deployed classes for file:/C:/apps/dcm4chee-2.18.1-mysql/server/default/lib/dcm4chee-audit-tomcat-2.17.3.jar
09:17:59,183 DEBUG [SARDeployer] deployed classes for file:/C:/apps/dcm4chee-2.18.1-mysql/server/default/lib/dcm4chee-docstore-store-1.0.3.jar
09:17:59,183 DEBUG [SARDeployer] deployed classes for file:/C:/apps/dcm4chee-2.18.1-mysql/server/default/lib/dcm4chee-ejb-client.jar
09:17:59,183 DEBUG [SARDeployer] deployed classes for file:/C:/apps/dcm4chee-2.18.1-mysql/server/default/lib/dcm4chee-hl7.jar
09:17:59,183 DEBUG [SARDeployer] deployed classes for file:/C:/apps/dcm4chee-2.18.1-mysql/server/default/lib/dcm4chee-jdbc-mysql.jar
09:17:59,183 DEBUG [SARDeployer] deployed classes for file:/C:/apps/dcm4chee-2.18.1-mysql/server/default/lib/dcm4chee-rid.jar
09:17:59,183 DEBUG [SARDeployer] deployed classes for file:/C:/apps/dcm4chee-2.18.1-mysql/server/default/lib/dcm4chee-wado.jar
09:17:59,183 DEBUG [SARDeployer] deployed classes for file:/C:/apps/dcm4chee-2.18.1-mysql/server/default/lib/dcm4chee-web-licenseprovider-3.0.2.jar
09:17:59,183 DEBUG [SARDeployer] deployed classes for file:/C:/apps/dcm4chee-2.18.1-mysql/server/default/lib/dcm4chee-web-licenseprovider-3.0.5.jar
09:17:59,183 DEBUG [SARDeployer] deployed classes for file:/C:/apps/dcm4chee-2.18.1-mysql/server/default/lib/dcm4chee-web-urlprovider-3.0.1.jar
09:17:59,183 DEBUG [SARDeployer] deployed classes for file:/C:/apps/dcm4chee-2.18.1-mysql/server/default/lib/dcm4chee-web-urlprovider-3.0.2.jar
09:17:59,184 DEBUG [SARDeployer] deployed classes for file:/C:/apps/dcm4chee-2.18.1-mysql/server/default/lib/dcm4chee-web-urlprovider-3.0.5.jar
09:17:59,184 DEBUG [SARDeployer] deployed classes for file:/C:/apps/dcm4chee-2.18.1-mysql/server/default/lib/dcm4chee.jar
09:17:59,184 DEBUG [SARDeployer] deployed classes for file:/C:/apps/dcm4chee-2.18.1-mysql/server/default/lib/dom4j.jar
09:17:59,184 DEBUG [SARDeployer] deployed classes for file:/C:/apps/dcm4chee-2.18.1-mysql/server/default/lib/ejb3-persistence.jar
09:17:59,184 DEBUG [SARDeployer] deployed classes for file:/C:/apps/dcm4chee-2.18.1-mysql/server/default/lib/el-api.jar
09:17:59,184 DEBUG [SARDeployer] deployed classes for file:/C:/apps/dcm4chee-2.18.1-mysql/server/default/lib/fop.jar
09:17:59,184 DEBUG [SARDeployer] deployed classes for file:/C:/apps/dcm4chee-2.18.1-mysql/server/default/lib/hibernate-annotations.jar
09:17:59,184 DEBUG [SARDeployer] deployed classes for file:/C:/apps/dcm4chee-2.18.1-mysql/server/default/lib/hibernate-entitymanager.jar
09:17:59,184 DEBUG [SARDeployer] deployed classes for file:/C:/apps/dcm4chee-2.18.1-mysql/server/default/lib/hibernate3.jar
09:17:59,184 DEBUG [SARDeployer] deployed classes for file:/C:/apps/dcm4chee-2.18.1-mysql/server/default/lib/hsqldb-plugin.jar
09:17:59,184 DEBUG [SARDeployer] deployed classes for file:/C:/apps/dcm4chee-2.18.1-mysql/server/default/lib/hsqldb.jar
09:17:59,184 DEBUG [SARDeployer] deployed classes for file:/C:/apps/dcm4chee-2.18.1-mysql/server/default/lib/jai_imageio.jar
09:17:59,184 DEBUG [SARDeployer] deployed classes for file:/C:/apps/dcm4chee-2.18.1-mysql/server/default/lib/javassist.jar
09:17:59,184 DEBUG [SARDeployer] deployed classes for file:/C:/apps/dcm4chee-2.18.1-mysql/server/default/lib/jaxb-api.jar
09:17:59,184 DEBUG [SARDeployer] deployed classes for file:/C:/apps/dcm4chee-2.18.1-mysql/server/default/lib/jaxb-impl.jar
09:17:59,184 DEBUG [SARDeployer] deployed classes for file:/C:/apps/dcm4chee-2.18.1-mysql/server/default/lib/jaxen.jar
09:17:59,184 DEBUG [SARDeployer] deployed classes for file:/C:/apps/dcm4chee-2.18.1-mysql/server/default/lib/jboss-common-jdbc-wrapper.jar
09:17:59,184 DEBUG [SARDeployer] deployed classes for file:/C:/apps/dcm4chee-2.18.1-mysql/server/default/lib/jboss-ejb3x.jar
09:17:59,184 DEBUG [SARDeployer] deployed classes for file:/C:/apps/dcm4chee-2.18.1-mysql/server/default/lib/jboss-hibernate.jar
09:17:59,184 DEBUG [SARDeployer] deployed classes for file:/C:/apps/dcm4chee-2.18.1-mysql/server/default/lib/jboss-iiop.jar
09:17:59,184 DEBUG [SARDeployer] deployed classes for file:/C:/apps/dcm4chee-2.18.1-mysql/server/default/lib/jboss-j2ee.jar
09:17:59,184 DEBUG [SARDeployer] deployed classes for file:/C:/apps/dcm4chee-2.18.1-mysql/server/default/lib/jboss-jaxrpc.jar
09:17:59,184 DEBUG [SARDeployer] deployed classes for file:/C:/apps/dcm4chee-2.18.1-mysql/server/default/lib/jboss-jaxws-ext.jar
09:17:59,184 DEBUG [SARDeployer] deployed classes for file:/C:/apps/dcm4chee-2.18.1-mysql/server/default/lib/jboss-jaxws.jar
09:17:59,184 DEBUG [SARDeployer] deployed classes for file:/C:/apps/dcm4chee-2.18.1-mysql/server/default/lib/jboss-jca.jar
09:17:59,185 DEBUG [SARDeployer] deployed classes for file:/C:/apps/dcm4chee-2.18.1-mysql/server/default/lib/jboss-jsr77.jar
09:17:59,185 DEBUG [SARDeployer] deployed classes for file:/C:/apps/dcm4chee-2.18.1-mysql/server/default/lib/jboss-jsr88.jar
09:17:59,185 DEBUG [SARDeployer] deployed classes for file:/C:/apps/dcm4chee-2.18.1-mysql/server/default/lib/jboss-management.jar
09:17:59,185 DEBUG [SARDeployer] deployed classes for file:/C:/apps/dcm4chee-2.18.1-mysql/server/default/lib/jboss-messaging.jar
09:17:59,185 DEBUG [SARDeployer] deployed classes for file:/C:/apps/dcm4chee-2.18.1-mysql/server/default/lib/jboss-monitoring.jar
09:17:59,185 DEBUG [SARDeployer] deployed classes for file:/C:/apps/dcm4chee-2.18.1-mysql/server/default/lib/jboss-remoting-int.jar
09:17:59,185 DEBUG [SARDeployer] deployed classes for file:/C:/apps/dcm4chee-2.18.1-mysql/server/default/lib/jboss-remoting.jar
09:17:59,185 DEBUG [SARDeployer] deployed classes for file:/C:/apps/dcm4chee-2.18.1-mysql/server/default/lib/jboss-saaj.jar
09:17:59,185 DEBUG [SARDeployer] deployed classes for file:/C:/apps/dcm4chee-2.18.1-mysql/server/default/lib/jboss-serialization.jar
09:17:59,185 DEBUG [SARDeployer] deployed classes for file:/C:/apps/dcm4chee-2.18.1-mysql/server/default/lib/jboss-srp.jar
09:17:59,185 DEBUG [SARDeployer] deployed classes for file:/C:/apps/dcm4chee-2.18.1-mysql/server/default/lib/jboss-transaction.jar
09:17:59,185 DEBUG [SARDeployer] deployed classes for file:/C:/apps/dcm4chee-2.18.1-mysql/server/default/lib/jboss-vfs.jar
09:17:59,185 DEBUG [SARDeployer] deployed classes for file:/C:/apps/dcm4chee-2.18.1-mysql/server/default/lib/jboss.jar
09:17:59,185 DEBUG [SARDeployer] deployed classes for file:/C:/apps/dcm4chee-2.18.1-mysql/server/default/lib/jbossjta-integration.jar
09:17:59,185 DEBUG [SARDeployer] deployed classes for file:/C:/apps/dcm4chee-2.18.1-mysql/server/default/lib/jbossjta.jar
09:17:59,185 DEBUG [SARDeployer] deployed classes for file:/C:/apps/dcm4chee-2.18.1-mysql/server/default/lib/jbosssx.jar
09:17:59,185 DEBUG [SARDeployer] deployed classes for file:/C:/apps/dcm4chee-2.18.1-mysql/server/default/lib/jbossts-common.jar
09:17:59,185 DEBUG [SARDeployer] deployed classes for file:/C:/apps/dcm4chee-2.18.1-mysql/server/default/lib/jbossws-common.jar
09:17:59,185 DEBUG [SARDeployer] deployed classes for file:/C:/apps/dcm4chee-2.18.1-mysql/server/default/lib/jbossws-framework.jar
09:17:59,185 DEBUG [SARDeployer] deployed classes for file:/C:/apps/dcm4chee-2.18.1-mysql/server/default/lib/jbossws-jboss42.jar
09:17:59,185 DEBUG [SARDeployer] deployed classes for file:/C:/apps/dcm4chee-2.18.1-mysql/server/default/lib/jbossws-spi.jar
09:17:59,185 DEBUG [SARDeployer] deployed classes for file:/C:/apps/dcm4chee-2.18.1-mysql/server/default/lib/jcifs-1.3.17.jar
09:17:59,185 DEBUG [SARDeployer] deployed classes for file:/C:/apps/dcm4chee-2.18.1-mysql/server/default/lib/jmx-adaptor-plugin.jar
09:17:59,185 DEBUG [SARDeployer] deployed classes for file:/C:/apps/dcm4chee-2.18.1-mysql/server/default/lib/jnpserver.jar
09:17:59,186 DEBUG [SARDeployer] deployed classes for file:/C:/apps/dcm4chee-2.18.1-mysql/server/default/lib/joesnmp.jar
09:17:59,186 DEBUG [SARDeployer] deployed classes for file:/C:/apps/dcm4chee-2.18.1-mysql/server/default/lib/jsch-0.1.49.jar
09:17:59,186 DEBUG [SARDeployer] deployed classes for file:/C:/apps/dcm4chee-2.18.1-mysql/server/default/lib/jsp-api.jar
09:17:59,186 DEBUG [SARDeployer] deployed classes for file:/C:/apps/dcm4chee-2.18.1-mysql/server/default/lib/log4j-snmp-appender.jar
09:17:59,186 DEBUG [SARDeployer] deployed classes for file:/C:/apps/dcm4chee-2.18.1-mysql/server/default/lib/log4j.jar
09:17:59,186 DEBUG [SARDeployer] deployed classes for file:/C:/apps/dcm4chee-2.18.1-mysql/server/default/lib/mail-plugin.jar
09:17:59,186 DEBUG [SARDeployer] deployed classes for file:/C:/apps/dcm4chee-2.18.1-mysql/server/default/lib/mail.jar
09:17:59,186 DEBUG [SARDeployer] deployed classes for file:/C:/apps/dcm4chee-2.18.1-mysql/server/default/lib/mysql-connector-java-5.0.5.jar
09:17:59,186 DEBUG [SARDeployer] deployed classes for file:/C:/apps/dcm4chee-2.18.1-mysql/server/default/lib/properties-plugin.jar
09:17:59,186 DEBUG [SARDeployer] deployed classes for file:/C:/apps/dcm4chee-2.18.1-mysql/server/default/lib/quartz.jar
09:17:59,186 DEBUG [SARDeployer] deployed classes for file:/C:/apps/dcm4chee-2.18.1-mysql/server/default/lib/scheduler-plugin-example.jar
09:17:59,186 DEBUG [SARDeployer] deployed classes for file:/C:/apps/dcm4chee-2.18.1-mysql/server/default/lib/scheduler-plugin.jar
09:17:59,186 DEBUG [SARDeployer] deployed classes for file:/C:/apps/dcm4chee-2.18.1-mysql/server/default/lib/servlet-api.jar
09:17:59,186 DEBUG [SARDeployer] deployed classes for file:/C:/apps/dcm4chee-2.18.1-mysql/server/default/lib/slf4j-api-1.6.1.jar
09:17:59,186 DEBUG [SARDeployer] deployed classes for file:/C:/apps/dcm4chee-2.18.1-mysql/server/default/lib/slf4j-log4j12-1.6.1.jar
09:17:59,186 DEBUG [SARDeployer] deployed classes for file:/C:/apps/dcm4chee-2.18.1-mysql/server/default/lib/xhl7.jar
09:17:59,186 DEBUG [SARDeployer] deployed classes for file:/C:/apps/dcm4chee-2.18.1-mysql/server/default/lib/xml-apis-ext-1.3.04.jar
09:17:59,186 DEBUG [SARDeployer] deployed classes for file:/C:/apps/dcm4chee-2.18.1-mysql/server/default/lib/xmlentitymgr.jar
09:17:59,186 DEBUG [SARDeployer] deployed classes for file:/C:/apps/dcm4chee-2.18.1-mysql/server/default/lib/xmlgraphics-commons-1.3.1.jar
09:17:59,187 DEBUG [SARDeployer] about to copy 0 local directories
09:17:59,187 DEBUG [SARDeployer] looking for nested deployments in : file:/C:/apps/dcm4chee-2.18.1-mysql/server/default/conf/jboss-service.xml
09:17:59,189 DEBUG [DeploymentInfo] createLoaderRepository from config: LoaderRepositoryConfig(repositoryName: JMImplementation:service=LoaderRepository,name=Default, repositoryClassName: null, configParserClassName: null, repositoryConfig: null)
09:17:59,190 DEBUG [RepositoryClassLoader] setRepository, repository=org.jboss.mx.loading.UnifiedLoaderRepository3@74979fc6, cl=org.jboss.mx.loading.UnifiedClassLoader3@a99a079{ url=null ,addedOrder=0}
09:17:59,190 DEBUG [RepositoryClassLoader] setRepository, repository=org.jboss.mx.loading.UnifiedLoaderRepository3@74979fc6, cl=org.jboss.mx.loading.UnifiedClassLoader3@a99a079{ url=null ,addedOrder=0}
09:17:59,190 DEBUG [UnifiedLoaderRepository3] Adding org.jboss.mx.loading.UnifiedClassLoader3@a99a079{ url=null ,addedOrder=0}
09:17:59,197 DEBUG [RepositoryClassLoader] Added url: file:/C:/apps/dcm4chee-2.18.1-mysql/server/default/lib/activation.jar, to ucl: org.jboss.mx.loading.UnifiedClassLoader3@a99a079{ url=null ,addedOrder=2}
09:17:59,216 DEBUG [RepositoryClassLoader] Added url: file:/C:/apps/dcm4chee-2.18.1-mysql/server/default/lib/antlr.jar, to ucl: org.jboss.mx.loading.UnifiedClassLoader3@a99a079{ url=null ,addedOrder=2}
09:17:59,217 DEBUG [RepositoryClassLoader] Added url: file:/C:/apps/dcm4chee-2.18.1-mysql/server/default/lib/autonumber-plugin.jar, to ucl: org.jboss.mx.loading.UnifiedClassLoader3@a99a079{ url=null ,addedOrder=2}
09:17:59,221 DEBUG [ClassLoaderUtils] Multiple class loaders found for pkg: 
09:17:59,222 DEBUG [RepositoryClassLoader] Added url: file:/C:/apps/dcm4chee-2.18.1-mysql/server/default/lib/avalon-framework-4.2.0.jar, to ucl: org.jboss.mx.loading.UnifiedClassLoader3@a99a079{ url=null ,addedOrder=2}
09:17:59,346 DEBUG [RepositoryClassLoader] Added url: file:/C:/apps/dcm4chee-2.18.1-mysql/server/default/lib/batik-all-1.7.jar, to ucl: org.jboss.mx.loading.UnifiedClassLoader3@a99a079{ url=null ,addedOrder=2}
09:17:59,364 DEBUG [RepositoryClassLoader] Added url: file:/C:/apps/dcm4chee-2.18.1-mysql/server/default/lib/bcel.jar, to ucl: org.jboss.mx.loading.UnifiedClassLoader3@a99a079{ url=null ,addedOrder=2}
09:17:59,365 DEBUG [RepositoryClassLoader] Added url: file:/C:/apps/dcm4chee-2.18.1-mysql/server/default/lib/bindingservice-plugin.jar, to ucl: org.jboss.mx.loading.UnifiedClassLoader3@a99a079{ url=null ,addedOrder=2}
09:17:59,372 DEBUG [RepositoryClassLoader] Added url: file:/C:/apps/dcm4chee-2.18.1-mysql/server/default/lib/bsf.jar, to ucl: org.jboss.mx.loading.UnifiedClassLoader3@a99a079{ url=null ,addedOrder=2}
09:17:59,374 DEBUG [RepositoryClassLoader] Added url: file:/C:/apps/dcm4chee-2.18.1-mysql/server/default/lib/bsh-deployer.jar, to ucl: org.jboss.mx.loading.UnifiedClassLoader3@a99a079{ url=null ,addedOrder=2}
09:17:59,383 DEBUG [RepositoryClassLoader] Added url: file:/C:/apps/dcm4chee-2.18.1-mysql/server/default/lib/bsh.jar, to ucl: org.jboss.mx.loading.UnifiedClassLoader3@a99a079{ url=null ,addedOrder=2}
09:17:59,388 DEBUG [RepositoryClassLoader] Added url: file:/C:/apps/dcm4chee-2.18.1-mysql/server/default/lib/CAStorSDK-1.3.1-CS40.jar, to ucl: org.jboss.mx.loading.UnifiedClassLoader3@a99a079{ url=null ,addedOrder=2}
09:17:59,401 DEBUG [RepositoryClassLoader] Added url: file:/C:/apps/dcm4chee-2.18.1-mysql/server/default/lib/cglib.jar, to ucl: org.jboss.mx.loading.UnifiedClassLoader3@a99a079{ url=null ,addedOrder=2}
09:17:59,404 DEBUG [RepositoryClassLoader] Added url: file:/C:/apps/dcm4chee-2.18.1-mysql/server/default/lib/clibwrapper_jiio.jar, to ucl: org.jboss.mx.loading.UnifiedClassLoader3@a99a079{ url=null ,addedOrder=2}
09:17:59,406 DEBUG [RepositoryClassLoader] Added url: file:/C:/apps/dcm4chee-2.18.1-mysql/server/default/lib/commons-codec.jar, to ucl: org.jboss.mx.loading.UnifiedClassLoader3@a99a079{ url=null ,addedOrder=2}
09:17:59,429 DEBUG [RepositoryClassLoader] Added url: file:/C:/apps/dcm4chee-2.18.1-mysql/server/default/lib/commons-collections.jar, to ucl: org.jboss.mx.loading.UnifiedClassLoader3@a99a079{ url=null ,addedOrder=2}
09:17:59,433 DEBUG [RepositoryClassLoader] Added url: file:/C:/apps/dcm4chee-2.18.1-mysql/server/default/lib/commons-compress-20050911.jar, to ucl: org.jboss.mx.loading.UnifiedClassLoader3@a99a079{ url=null ,addedOrder=2}
09:17:59,442 DEBUG [RepositoryClassLoader] Added url: file:/C:/apps/dcm4chee-2.18.1-mysql/server/default/lib/commons-httpclient.jar, to ucl: org.jboss.mx.loading.UnifiedClassLoader3@a99a079{ url=null ,addedOrder=2}
09:17:59,447 DEBUG [RepositoryClassLoader] Added url: file:/C:/apps/dcm4chee-2.18.1-mysql/server/default/lib/commons-io-1.3.1.jar, to ucl: org.jboss.mx.loading.UnifiedClassLoader3@a99a079{ url=null ,addedOrder=2}
09:17:59,451 DEBUG [RepositoryClassLoader] Added url: file:/C:/apps/dcm4chee-2.18.1-mysql/server/default/lib/commons-logging.jar, to ucl: org.jboss.mx.loading.UnifiedClassLoader3@a99a079{ url=null ,addedOrder=2}
09:17:59,457 DEBUG [RepositoryClassLoader] Added url: file:/C:/apps/dcm4chee-2.18.1-mysql/server/default/lib/dcm4che-audit-2.0.25.jar, to ucl: org.jboss.mx.loading.UnifiedClassLoader3@a99a079{ url=null ,addedOrder=2}
09:17:59,458 DEBUG [RepositoryClassLoader] Added url: file:/C:/apps/dcm4chee-2.18.1-mysql/server/default/lib/dcm4che-base64-2.0.28.jar, to ucl: org.jboss.mx.loading.UnifiedClassLoader3@a99a079{ url=null ,addedOrder=2}
09:17:59,476 DEBUG [RepositoryClassLoader] Added url: file:/C:/apps/dcm4chee-2.18.1-mysql/server/default/lib/dcm4che-core-2.0.28.jar, to ucl: org.jboss.mx.loading.UnifiedClassLoader3@a99a079{ url=null ,addedOrder=2}
09:17:59,478 DEBUG [RepositoryClassLoader] Added url: file:/C:/apps/dcm4chee-2.18.1-mysql/server/default/lib/dcm4che-imageio-rle-2.0.25.jar, to ucl: org.jboss.mx.loading.UnifiedClassLoader3@a99a079{ url=null ,addedOrder=2}
09:17:59,483 DEBUG [RepositoryClassLoader] Added url: file:/C:/apps/dcm4chee-2.18.1-mysql/server/default/lib/dcm4che-net-2.0.28.jar, to ucl: org.jboss.mx.loading.UnifiedClassLoader3@a99a079{ url=null ,addedOrder=2}
09:17:59,484 DEBUG [RepositoryClassLoader] Added url: file:/C:/apps/dcm4chee-2.18.1-mysql/server/default/lib/dcm4che-soundex-2.0.25.jar, to ucl: org.jboss.mx.loading.UnifiedClassLoader3@a99a079{ url=null ,addedOrder=2}
09:17:59,520 DEBUG [RepositoryClassLoader] Added url: file:/C:/apps/dcm4chee-2.18.1-mysql/server/default/lib/dcm4che.jar, to ucl: org.jboss.mx.loading.UnifiedClassLoader3@a99a079{ url=null ,addedOrder=2}
09:17:59,522 DEBUG [RepositoryClassLoader] Added url: file:/C:/apps/dcm4chee-2.18.1-mysql/server/default/lib/dcm4chee-audit-logger-2.17.3.jar, to ucl: org.jboss.mx.loading.UnifiedClassLoader3@a99a079{ url=null ,addedOrder=2}
09:17:59,523 DEBUG [RepositoryClassLoader] Added url: file:/C:/apps/dcm4chee-2.18.1-mysql/server/default/lib/dcm4chee-audit-login-2.17.3.jar, to ucl: org.jboss.mx.loading.UnifiedClassLoader3@a99a079{ url=null ,addedOrder=2}
09:17:59,525 DEBUG [RepositoryClassLoader] Added url: file:/C:/apps/dcm4chee-2.18.1-mysql/server/default/lib/dcm4chee-audit-tomcat-2.17.3.jar, to ucl: org.jboss.mx.loading.UnifiedClassLoader3@a99a079{ url=null ,addedOrder=2}
09:17:59,527 DEBUG [RepositoryClassLoader] Added url: file:/C:/apps/dcm4chee-2.18.1-mysql/server/default/lib/dcm4chee-docstore-store-1.0.3.jar, to ucl: org.jboss.mx.loading.UnifiedClassLoader3@a99a079{ url=null ,addedOrder=2}
09:17:59,536 DEBUG [RepositoryClassLoader] Added url: file:/C:/apps/dcm4chee-2.18.1-mysql/server/default/lib/dcm4chee-ejb-client.jar, to ucl: org.jboss.mx.loading.UnifiedClassLoader3@a99a079{ url=null ,addedOrder=2}
09:17:59,542 DEBUG [RepositoryClassLoader] Added url: file:/C:/apps/dcm4chee-2.18.1-mysql/server/default/lib/dcm4chee-hl7.jar, to ucl: org.jboss.mx.loading.UnifiedClassLoader3@a99a079{ url=null ,addedOrder=2}
09:17:59,550 DEBUG [RepositoryClassLoader] Added url: file:/C:/apps/dcm4chee-2.18.1-mysql/server/default/lib/dcm4chee-jdbc-mysql.jar, to ucl: org.jboss.mx.loading.UnifiedClassLoader3@a99a079{ url=null ,addedOrder=2}
09:17:59,555 DEBUG [RepositoryClassLoader] Added url: file:/C:/apps/dcm4chee-2.18.1-mysql/server/default/lib/dcm4chee-rid.jar, to ucl: org.jboss.mx.loading.UnifiedClassLoader3@a99a079{ url=null ,addedOrder=2}
09:17:59,558 DEBUG [RepositoryClassLoader] Added url: file:/C:/apps/dcm4chee-2.18.1-mysql/server/default/lib/dcm4chee-wado.jar, to ucl: org.jboss.mx.loading.UnifiedClassLoader3@a99a079{ url=null ,addedOrder=2}
09:17:59,560 DEBUG [RepositoryClassLoader] Added url: file:/C:/apps/dcm4chee-2.18.1-mysql/server/default/lib/dcm4chee-web-licenseprovider-3.0.2.jar, to ucl: org.jboss.mx.loading.UnifiedClassLoader3@a99a079{ url=null ,addedOrder=2}
09:17:59,561 DEBUG [RepositoryClassLoader] Added url: file:/C:/apps/dcm4chee-2.18.1-mysql/server/default/lib/dcm4chee-web-licenseprovider-3.0.5.jar, to ucl: org.jboss.mx.loading.UnifiedClassLoader3@a99a079{ url=null ,addedOrder=2}
09:17:59,562 DEBUG [RepositoryClassLoader] Added url: file:/C:/apps/dcm4chee-2.18.1-mysql/server/default/lib/dcm4chee-web-urlprovider-3.0.1.jar, to ucl: org.jboss.mx.loading.UnifiedClassLoader3@a99a079{ url=null ,addedOrder=2}
09:17:59,562 DEBUG [RepositoryClassLoader] Added url: file:/C:/apps/dcm4chee-2.18.1-mysql/server/default/lib/dcm4chee-web-urlprovider-3.0.2.jar, to ucl: org.jboss.mx.loading.UnifiedClassLoader3@a99a079{ url=null ,addedOrder=2}
09:17:59,563 DEBUG [RepositoryClassLoader] Added url: file:/C:/apps/dcm4chee-2.18.1-mysql/server/default/lib/dcm4chee-web-urlprovider-3.0.5.jar, to ucl: org.jboss.mx.loading.UnifiedClassLoader3@a99a079{ url=null ,addedOrder=2}
09:17:59,596 DEBUG [RepositoryClassLoader] Added url: file:/C:/apps/dcm4chee-2.18.1-mysql/server/default/lib/dcm4chee.jar, to ucl: org.jboss.mx.loading.UnifiedClassLoader3@a99a079{ url=null ,addedOrder=2}
09:17:59,607 DEBUG [RepositoryClassLoader] Added url: file:/C:/apps/dcm4chee-2.18.1-mysql/server/default/lib/dom4j.jar, to ucl: org.jboss.mx.loading.UnifiedClassLoader3@a99a079{ url=null ,addedOrder=2}
09:17:59,610 DEBUG [RepositoryClassLoader] Added url: file:/C:/apps/dcm4chee-2.18.1-mysql/server/default/lib/ejb3-persistence.jar, to ucl: org.jboss.mx.loading.UnifiedClassLoader3@a99a079{ url=null ,addedOrder=2}
09:17:59,612 DEBUG [RepositoryClassLoader] Added url: file:/C:/apps/dcm4chee-2.18.1-mysql/server/default/lib/el-api.jar, to ucl: org.jboss.mx.loading.UnifiedClassLoader3@a99a079{ url=null ,addedOrder=2}
09:17:59,706 DEBUG [RepositoryClassLoader] Added url: file:/C:/apps/dcm4chee-2.18.1-mysql/server/default/lib/fop.jar, to ucl: org.jboss.mx.loading.UnifiedClassLoader3@a99a079{ url=null ,addedOrder=2}
09:17:59,719 DEBUG [RepositoryClassLoader] Added url: file:/C:/apps/dcm4chee-2.18.1-mysql/server/default/lib/hibernate-annotations.jar, to ucl: org.jboss.mx.loading.UnifiedClassLoader3@a99a079{ url=null ,addedOrder=2}
09:17:59,724 DEBUG [RepositoryClassLoader] Added url: file:/C:/apps/dcm4chee-2.18.1-mysql/server/default/lib/hibernate-entitymanager.jar, to ucl: org.jboss.mx.loading.UnifiedClassLoader3@a99a079{ url=null ,addedOrder=2}
09:17:59,791 DEBUG [RepositoryClassLoader] Added url: file:/C:/apps/dcm4chee-2.18.1-mysql/server/default/lib/hibernate3.jar, to ucl: org.jboss.mx.loading.UnifiedClassLoader3@a99a079{ url=null ,addedOrder=2}
09:17:59,792 DEBUG [RepositoryClassLoader] Added url: file:/C:/apps/dcm4chee-2.18.1-mysql/server/default/lib/hsqldb-plugin.jar, to ucl: org.jboss.mx.loading.UnifiedClassLoader3@a99a079{ url=null ,addedOrder=2}
09:17:59,812 DEBUG [RepositoryClassLoader] Added url: file:/C:/apps/dcm4chee-2.18.1-mysql/server/default/lib/hsqldb.jar, to ucl: org.jboss.mx.loading.UnifiedClassLoader3@a99a079{ url=null ,addedOrder=2}
09:17:59,840 DEBUG [RepositoryClassLoader] Added url: file:/C:/apps/dcm4chee-2.18.1-mysql/server/default/lib/jai_imageio.jar, to ucl: org.jboss.mx.loading.UnifiedClassLoader3@a99a079{ url=null ,addedOrder=2}
09:17:59,858 DEBUG [RepositoryClassLoader] Added url: file:/C:/apps/dcm4chee-2.18.1-mysql/server/default/lib/javassist.jar, to ucl: org.jboss.mx.loading.UnifiedClassLoader3@a99a079{ url=null ,addedOrder=2}
09:17:59,862 DEBUG [RepositoryClassLoader] Added url: file:/C:/apps/dcm4chee-2.18.1-mysql/server/default/lib/jaxb-api.jar, to ucl: org.jboss.mx.loading.UnifiedClassLoader3@a99a079{ url=null ,addedOrder=2}
09:17:59,888 DEBUG [RepositoryClassLoader] Added url: file:/C:/apps/dcm4chee-2.18.1-mysql/server/default/lib/jaxb-impl.jar, to ucl: org.jboss.mx.loading.UnifiedClassLoader3@a99a079{ url=null ,addedOrder=2}
09:17:59,897 DEBUG [RepositoryClassLoader] Added url: file:/C:/apps/dcm4chee-2.18.1-mysql/server/default/lib/jaxen.jar, to ucl: org.jboss.mx.loading.UnifiedClassLoader3@a99a079{ url=null ,addedOrder=2}
09:17:59,901 DEBUG [RepositoryClassLoader] Added url: file:/C:/apps/dcm4chee-2.18.1-mysql/server/default/lib/jboss-common-jdbc-wrapper.jar, to ucl: org.jboss.mx.loading.UnifiedClassLoader3@a99a079{ url=null ,addedOrder=2}
09:17:59,903 DEBUG [RepositoryClassLoader] Added url: file:/C:/apps/dcm4chee-2.18.1-mysql/server/default/lib/jboss-ejb3x.jar, to ucl: org.jboss.mx.loading.UnifiedClassLoader3@a99a079{ url=null ,addedOrder=2}
09:17:59,904 DEBUG [RepositoryClassLoader] Added url: file:/C:/apps/dcm4chee-2.18.1-mysql/server/default/lib/jboss-hibernate.jar, to ucl: org.jboss.mx.loading.UnifiedClassLoader3@a99a079{ url=null ,addedOrder=2}
09:17:59,918 DEBUG [RepositoryClassLoader] Added url: file:/C:/apps/dcm4chee-2.18.1-mysql/server/default/lib/jboss-iiop.jar, to ucl: org.jboss.mx.loading.UnifiedClassLoader3@a99a079{ url=null ,addedOrder=2}
09:17:59,932 DEBUG [RepositoryClassLoader] Added url: file:/C:/apps/dcm4chee-2.18.1-mysql/server/default/lib/jboss-j2ee.jar, to ucl: org.jboss.mx.loading.UnifiedClassLoader3@a99a079{ url=null ,addedOrder=2}
09:17:59,934 DEBUG [RepositoryClassLoader] Added url: file:/C:/apps/dcm4chee-2.18.1-mysql/server/default/lib/jboss-jaxrpc.jar, to ucl: org.jboss.mx.loading.UnifiedClassLoader3@a99a079{ url=null ,addedOrder=2}
09:17:59,936 DEBUG [RepositoryClassLoader] Added url: file:/C:/apps/dcm4chee-2.18.1-mysql/server/default/lib/jboss-jaxws-ext.jar, to ucl: org.jboss.mx.loading.UnifiedClassLoader3@a99a079{ url=null ,addedOrder=2}
09:17:59,938 DEBUG [RepositoryClassLoader] Added url: file:/C:/apps/dcm4chee-2.18.1-mysql/server/default/lib/jboss-jaxws.jar, to ucl: org.jboss.mx.loading.UnifiedClassLoader3@a99a079{ url=null ,addedOrder=2}
09:17:59,955 DEBUG [RepositoryClassLoader] Added url: file:/C:/apps/dcm4chee-2.18.1-mysql/server/default/lib/jboss-jca.jar, to ucl: org.jboss.mx.loading.UnifiedClassLoader3@a99a079{ url=null ,addedOrder=2}
09:17:59,956 DEBUG [RepositoryClassLoader] Added url: file:/C:/apps/dcm4chee-2.18.1-mysql/server/default/lib/jboss-jsr77.jar, to ucl: org.jboss.mx.loading.UnifiedClassLoader3@a99a079{ url=null ,addedOrder=2}
09:17:59,959 DEBUG [RepositoryClassLoader] Added url: file:/C:/apps/dcm4chee-2.18.1-mysql/server/default/lib/jboss-jsr88.jar, to ucl: org.jboss.mx.loading.UnifiedClassLoader3@a99a079{ url=null ,addedOrder=2}
09:17:59,965 DEBUG [RepositoryClassLoader] Added url: file:/C:/apps/dcm4chee-2.18.1-mysql/server/default/lib/jboss-management.jar, to ucl: org.jboss.mx.loading.UnifiedClassLoader3@a99a079{ url=null ,addedOrder=2}
09:17:59,998 DEBUG [ClassLoaderUtils] Multiple class loaders found for pkg: xmdesc
09:17:59,999 DEBUG [RepositoryClassLoader] Added url: file:/C:/apps/dcm4chee-2.18.1-mysql/server/default/lib/jboss-messaging.jar, to ucl: org.jboss.mx.loading.UnifiedClassLoader3@a99a079{ url=null ,addedOrder=2}
09:18:00,002 DEBUG [RepositoryClassLoader] Added url: file:/C:/apps/dcm4chee-2.18.1-mysql/server/default/lib/jboss-monitoring.jar, to ucl: org.jboss.mx.loading.UnifiedClassLoader3@a99a079{ url=null ,addedOrder=2}
09:18:00,003 DEBUG [RepositoryClassLoader] Added url: file:/C:/apps/dcm4chee-2.18.1-mysql/server/default/lib/jboss-remoting-int.jar, to ucl: org.jboss.mx.loading.UnifiedClassLoader3@a99a079{ url=null ,addedOrder=2}
09:18:00,033 DEBUG [RepositoryClassLoader] Added url: file:/C:/apps/dcm4chee-2.18.1-mysql/server/default/lib/jboss-remoting.jar, to ucl: org.jboss.mx.loading.UnifiedClassLoader3@a99a079{ url=null ,addedOrder=2}
09:18:00,035 DEBUG [RepositoryClassLoader] Added url: file:/C:/apps/dcm4chee-2.18.1-mysql/server/default/lib/jboss-saaj.jar, to ucl: org.jboss.mx.loading.UnifiedClassLoader3@a99a079{ url=null ,addedOrder=2}
09:18:00,040 DEBUG [RepositoryClassLoader] Added url: file:/C:/apps/dcm4chee-2.18.1-mysql/server/default/lib/jboss-serialization.jar, to ucl: org.jboss.mx.loading.UnifiedClassLoader3@a99a079{ url=null ,addedOrder=2}
09:18:00,042 DEBUG [RepositoryClassLoader] Added url: file:/C:/apps/dcm4chee-2.18.1-mysql/server/default/lib/jboss-srp.jar, to ucl: org.jboss.mx.loading.UnifiedClassLoader3@a99a079{ url=null ,addedOrder=2}
09:18:00,046 DEBUG [RepositoryClassLoader] Added url: file:/C:/apps/dcm4chee-2.18.1-mysql/server/default/lib/jboss-transaction.jar, to ucl: org.jboss.mx.loading.UnifiedClassLoader3@a99a079{ url=null ,addedOrder=2}
09:18:00,050 DEBUG [RepositoryClassLoader] Added url: file:/C:/apps/dcm4chee-2.18.1-mysql/server/default/lib/jboss-vfs.jar, to ucl: org.jboss.mx.loading.UnifiedClassLoader3@a99a079{ url=null ,addedOrder=2}
09:18:00,117 DEBUG [RepositoryClassLoader] Added url: file:/C:/apps/dcm4chee-2.18.1-mysql/server/default/lib/jboss.jar, to ucl: org.jboss.mx.loading.UnifiedClassLoader3@a99a079{ url=null ,addedOrder=2}
09:18:00,119 DEBUG [RepositoryClassLoader] Added url: file:/C:/apps/dcm4chee-2.18.1-mysql/server/default/lib/jbossjta-integration.jar, to ucl: org.jboss.mx.loading.UnifiedClassLoader3@a99a079{ url=null ,addedOrder=2}
09:18:00,141 DEBUG [RepositoryClassLoader] Added url: file:/C:/apps/dcm4chee-2.18.1-mysql/server/default/lib/jbossjta.jar, to ucl: org.jboss.mx.loading.UnifiedClassLoader3@a99a079{ url=null ,addedOrder=2}
09:18:00,153 DEBUG [RepositoryClassLoader] Added url: file:/C:/apps/dcm4chee-2.18.1-mysql/server/default/lib/jbosssx.jar, to ucl: org.jboss.mx.loading.UnifiedClassLoader3@a99a079{ url=null ,addedOrder=2}
09:18:00,156 DEBUG [RepositoryClassLoader] Added url: file:/C:/apps/dcm4chee-2.18.1-mysql/server/default/lib/jbossts-common.jar, to ucl: org.jboss.mx.loading.UnifiedClassLoader3@a99a079{ url=null ,addedOrder=2}
09:18:00,158 DEBUG [RepositoryClassLoader] Added url: file:/C:/apps/dcm4chee-2.18.1-mysql/server/default/lib/jbossws-common.jar, to ucl: org.jboss.mx.loading.UnifiedClassLoader3@a99a079{ url=null ,addedOrder=2}
09:18:00,162 DEBUG [RepositoryClassLoader] Added url: file:/C:/apps/dcm4chee-2.18.1-mysql/server/default/lib/jbossws-framework.jar, to ucl: org.jboss.mx.loading.UnifiedClassLoader3@a99a079{ url=null ,addedOrder=2}
09:18:00,165 DEBUG [RepositoryClassLoader] Added url: file:/C:/apps/dcm4chee-2.18.1-mysql/server/default/lib/jbossws-jboss42.jar, to ucl: org.jboss.mx.loading.UnifiedClassLoader3@a99a079{ url=null ,addedOrder=2}
09:18:00,169 DEBUG [RepositoryClassLoader] Added url: file:/C:/apps/dcm4chee-2.18.1-mysql/server/default/lib/jbossws-spi.jar, to ucl: org.jboss.mx.loading.UnifiedClassLoader3@a99a079{ url=null ,addedOrder=2}
09:18:00,182 DEBUG [RepositoryClassLoader] Added url: file:/C:/apps/dcm4chee-2.18.1-mysql/server/default/lib/jcifs-1.3.17.jar, to ucl: org.jboss.mx.loading.UnifiedClassLoader3@a99a079{ url=null ,addedOrder=2}
09:18:00,185 DEBUG [RepositoryClassLoader] Added url: file:/C:/apps/dcm4chee-2.18.1-mysql/server/default/lib/jmx-adaptor-plugin.jar, to ucl: org.jboss.mx.loading.UnifiedClassLoader3@a99a079{ url=null ,addedOrder=2}
09:18:00,188 DEBUG [RepositoryClassLoader] Added url: file:/C:/apps/dcm4chee-2.18.1-mysql/server/default/lib/jnpserver.jar, to ucl: org.jboss.mx.loading.UnifiedClassLoader3@a99a079{ url=null ,addedOrder=2}
09:18:00,193 DEBUG [RepositoryClassLoader] Added url: file:/C:/apps/dcm4chee-2.18.1-mysql/server/default/lib/joesnmp.jar, to ucl: org.jboss.mx.loading.UnifiedClassLoader3@a99a079{ url=null ,addedOrder=2}
09:18:00,201 DEBUG [RepositoryClassLoader] Added url: file:/C:/apps/dcm4chee-2.18.1-mysql/server/default/lib/jsch-0.1.49.jar, to ucl: org.jboss.mx.loading.UnifiedClassLoader3@a99a079{ url=null ,addedOrder=2}
09:18:00,205 DEBUG [RepositoryClassLoader] Added url: file:/C:/apps/dcm4chee-2.18.1-mysql/server/default/lib/jsp-api.jar, to ucl: org.jboss.mx.loading.UnifiedClassLoader3@a99a079{ url=null ,addedOrder=2}
09:18:00,206 DEBUG [RepositoryClassLoader] Added url: file:/C:/apps/dcm4chee-2.18.1-mysql/server/default/lib/log4j-snmp-appender.jar, to ucl: org.jboss.mx.loading.UnifiedClassLoader3@a99a079{ url=null ,addedOrder=2}
09:18:00,217 DEBUG [RepositoryClassLoader] Added url: file:/C:/apps/dcm4chee-2.18.1-mysql/server/default/lib/log4j.jar, to ucl: org.jboss.mx.loading.UnifiedClassLoader3@a99a079{ url=null ,addedOrder=2}
09:18:00,219 DEBUG [RepositoryClassLoader] Added url: file:/C:/apps/dcm4chee-2.18.1-mysql/server/default/lib/mail-plugin.jar, to ucl: org.jboss.mx.loading.UnifiedClassLoader3@a99a079{ url=null ,addedOrder=2}
09:18:00,231 DEBUG [RepositoryClassLoader] Added url: file:/C:/apps/dcm4chee-2.18.1-mysql/server/default/lib/mail.jar, to ucl: org.jboss.mx.loading.UnifiedClassLoader3@a99a079{ url=null ,addedOrder=2}
09:18:00,248 DEBUG [RepositoryClassLoader] Added url: file:/C:/apps/dcm4chee-2.18.1-mysql/server/default/lib/mysql-connector-java-5.0.5.jar, to ucl: org.jboss.mx.loading.UnifiedClassLoader3@a99a079{ url=null ,addedOrder=2}
09:18:00,249 DEBUG [RepositoryClassLoader] Added url: file:/C:/apps/dcm4chee-2.18.1-mysql/server/default/lib/properties-plugin.jar, to ucl: org.jboss.mx.loading.UnifiedClassLoader3@a99a079{ url=null ,addedOrder=2}
09:18:00,262 DEBUG [RepositoryClassLoader] Added url: file:/C:/apps/dcm4chee-2.18.1-mysql/server/default/lib/quartz.jar, to ucl: org.jboss.mx.loading.UnifiedClassLoader3@a99a079{ url=null ,addedOrder=2}
09:18:00,263 DEBUG [RepositoryClassLoader] Added url: file:/C:/apps/dcm4chee-2.18.1-mysql/server/default/lib/scheduler-plugin-example.jar, to ucl: org.jboss.mx.loading.UnifiedClassLoader3@a99a079{ url=null ,addedOrder=2}
09:18:00,265 DEBUG [RepositoryClassLoader] Added url: file:/C:/apps/dcm4chee-2.18.1-mysql/server/default/lib/scheduler-plugin.jar, to ucl: org.jboss.mx.loading.UnifiedClassLoader3@a99a079{ url=null ,addedOrder=2}
09:18:00,268 DEBUG [RepositoryClassLoader] Added url: file:/C:/apps/dcm4chee-2.18.1-mysql/server/default/lib/servlet-api.jar, to ucl: org.jboss.mx.loading.UnifiedClassLoader3@a99a079{ url=null ,addedOrder=2}
09:18:00,270 DEBUG [RepositoryClassLoader] Added url: file:/C:/apps/dcm4chee-2.18.1-mysql/server/default/lib/slf4j-api-1.6.1.jar, to ucl: org.jboss.mx.loading.UnifiedClassLoader3@a99a079{ url=null ,addedOrder=2}
09:18:00,271 DEBUG [RepositoryClassLoader] Added url: file:/C:/apps/dcm4chee-2.18.1-mysql/server/default/lib/slf4j-log4j12-1.6.1.jar, to ucl: org.jboss.mx.loading.UnifiedClassLoader3@a99a079{ url=null ,addedOrder=2}
09:18:00,274 DEBUG [RepositoryClassLoader] Added url: file:/C:/apps/dcm4chee-2.18.1-mysql/server/default/lib/xhl7.jar, to ucl: org.jboss.mx.loading.UnifiedClassLoader3@a99a079{ url=null ,addedOrder=2}
09:18:00,279 DEBUG [RepositoryClassLoader] Added url: file:/C:/apps/dcm4chee-2.18.1-mysql/server/default/lib/xml-apis-ext-1.3.04.jar, to ucl: org.jboss.mx.loading.UnifiedClassLoader3@a99a079{ url=null ,addedOrder=2}
09:18:00,280 DEBUG [RepositoryClassLoader] Added url: file:/C:/apps/dcm4chee-2.18.1-mysql/server/default/lib/xmlentitymgr.jar, to ucl: org.jboss.mx.loading.UnifiedClassLoader3@a99a079{ url=null ,addedOrder=2}
09:18:00,297 DEBUG [RepositoryClassLoader] Added url: file:/C:/apps/dcm4chee-2.18.1-mysql/server/default/lib/xmlgraphics-commons-1.3.1.jar, to ucl: org.jboss.mx.loading.UnifiedClassLoader3@a99a079{ url=null ,addedOrder=2}
09:18:00,298 DEBUG [MainDeployer] found 0 subpackages of file:/C:/apps/dcm4chee-2.18.1-mysql/server/default/conf/jboss-service.xml
09:18:00,299 DEBUG [MainDeployer] Watching new file: file:/C:/apps/dcm4chee-2.18.1-mysql/server/default/conf/jboss-service.xml
09:18:00,299 DEBUG [MainDeployer] create step for deployment file:/C:/apps/dcm4chee-2.18.1-mysql/server/default/conf/jboss-service.xml
09:18:00,299 DEBUG [SARDeployer] Deploying SAR, create step: url file:/C:/apps/dcm4chee-2.18.1-mysql/server/default/conf/jboss-service.xml
09:18:00,299 DEBUG [SARDeployer] Registering service UCL=jmx.loading:UCL=a99a079
09:18:00,300 DEBUG [ServiceCreator] About to create bean: jboss.management.local:j2eeType=J2EEDomain,name=Manager with code: org.jboss.management.j2ee.LocalJBossServerDomain
09:18:00,373 DEBUG [ServiceCreator] Created bean: jboss.management.local:j2eeType=J2EEDomain,name=Manager
09:18:00,376 DEBUG [ServiceConfigurator] MainDeployer set to jboss.system:service=MainDeployer in jboss.management.local:j2eeType=J2EEDomain,name=Manager
09:18:00,377 DEBUG [ServiceConfigurator] SARDeployer set to jboss.system:service=ServiceDeployer in jboss.management.local:j2eeType=J2EEDomain,name=Manager
09:18:00,378 DEBUG [ServiceConfigurator] EARDeployer set to jboss.j2ee:service=EARDeployer in jboss.management.local:j2eeType=J2EEDomain,name=Manager
09:18:00,378 DEBUG [ServiceConfigurator] EJBDeployer set to jboss.ejb:service=EJBDeployer in jboss.management.local:j2eeType=J2EEDomain,name=Manager
09:18:00,379 DEBUG [ServiceConfigurator] RARDeployer set to jboss.jca:service=RARDeployer in jboss.management.local:j2eeType=J2EEDomain,name=Manager
09:18:00,379 DEBUG [ServiceConfigurator] CMDeployer set to jboss.jca:service=ConnectionFactoryDeployer in jboss.management.local:j2eeType=J2EEDomain,name=Manager
09:18:00,380 DEBUG [ServiceConfigurator] WARDeployer set to jboss.web:service=WebServer in jboss.management.local:j2eeType=J2EEDomain,name=Manager
09:18:00,380 DEBUG [ServiceConfigurator] CARDeployer set to jboss.j2ee:service=ClientDeployer in jboss.management.local:j2eeType=J2EEDomain,name=Manager
09:18:00,381 DEBUG [ServiceConfigurator] MailService set to jboss:service=Mail in jboss.management.local:j2eeType=J2EEDomain,name=Manager
09:18:00,381 DEBUG [ServiceConfigurator] JNDIService set to jboss:service=Naming in jboss.management.local:j2eeType=J2EEDomain,name=Manager
09:18:00,381 DEBUG [ServiceConfigurator] JTAService set to jboss:service=TransactionManager in jboss.management.local:j2eeType=J2EEDomain,name=Manager
09:18:00,382 DEBUG [ServiceConfigurator] UserTransactionService set to jboss:service=ClientUserTransaction in jboss.management.local:j2eeType=J2EEDomain,name=Manager
09:18:00,382 DEBUG [ServiceConfigurator] RMI_IIOPService set to jboss:service=CorbaORB in jboss.management.local:j2eeType=J2EEDomain,name=Manager
09:18:00,382 DEBUG [ServiceCreator] About to create xmbean object: jboss:service=AttributePersistenceService with code: org.jboss.system.pm.AttributePersistenceService with descriptor: resource:xmdesc/AttributePersistenceService-xmbean.xml
09:18:00,400 DEBUG [ModelMBeanInvoker] Loaded persistence mgr: org.jboss.mx.persistence.ObjectStreamPersistenceManager
09:18:00,400 DEBUG [ObjectStreamPersistenceManager] load, resource:org.jboss.system.pm.AttributePersistenceService@424a90de
09:18:00,401 DEBUG [ObjectStreamPersistenceManager] Store file is: C:\apps\dcm4chee-2.18.1-mysql\server\default\data\xmbean-attrs\AttributePersistenceService.ser
09:18:00,401 DEBUG [ServiceCreator] Created bean: jboss:service=AttributePersistenceService
09:18:00,401 DEBUG [ServiceCreator] About to create bean: jboss.system:service=ThreadPool with code: org.jboss.util.threadpool.BasicThreadPool
09:18:00,417 DEBUG [ServiceCreator] Created bean: jboss.system:service=ThreadPool
09:18:00,418 DEBUG [ServiceConfigurator] Name set to JBoss System Threads in jboss.system:service=ThreadPool
09:18:00,419 DEBUG [ServiceConfigurator] ThreadGroupName set to System Threads in jboss.system:service=ThreadPool
09:18:00,420 DEBUG [ServiceConfigurator] KeepAliveTime set to 60000 in jboss.system:service=ThreadPool
09:18:00,420 DEBUG [ServiceConfigurator] MaximumPoolSize set to 10 in jboss.system:service=ThreadPool
09:18:00,421 DEBUG [ServiceConfigurator] MaximumQueueSize set to 1000 in jboss.system:service=ThreadPool
09:18:00,422 DEBUG [ServiceConfigurator] BlockingMode set to run in jboss.system:service=ThreadPool
09:18:00,423 DEBUG [ServiceCreator] About to create xmbean object: jboss.system:type=Log4jService,service=Logging with code: org.jboss.logging.Log4jService with descriptor: resource:xmdesc/Log4jService-xmbean.xml
09:18:00,445 DEBUG [ServiceCreator] Created bean: jboss.system:type=Log4jService,service=Logging
09:18:00,447 DEBUG [ServiceConfigurator] ConfigurationURL set to resource:jboss-log4j.xml in jboss.system:type=Log4jService,service=Logging
09:18:00,447 DEBUG [ServiceConfigurator] Log4jQuietMode set to true in jboss.system:type=Log4jService,service=Logging
09:18:00,447 DEBUG [ServiceConfigurator] RefreshPeriod set to 60 in jboss.system:type=Log4jService,service=Logging
09:18:00,448 DEBUG [ServiceCreator] About to create bean: jboss.monitor:service=ActiveAlarmTable with code: org.jboss.monitor.services.ActiveAlarmTable
09:18:00,462 DEBUG [ServiceCreator] Created bean: jboss.monitor:service=ActiveAlarmTable
09:18:00,469 DEBUG [ServiceConfigurator] SubscriptionList set to [subscription-list: null] in jboss.monitor:service=ActiveAlarmTable
09:18:00,470 DEBUG [ServiceCreator] About to create bean: jboss.rmi:type=RMIClassLoader with code: org.jboss.util.property.jmx.SystemPropertyClassValue
09:18:00,472 DEBUG [ServiceCreator] Created bean: jboss.rmi:type=RMIClassLoader
09:18:00,472 DEBUG [ServiceConfigurator] Property set to java.rmi.server.RMIClassLoaderSpi in jboss.rmi:type=RMIClassLoader
09:18:00,473 DEBUG [ServiceConfigurator] ClassName set to org.jboss.system.JBossRMIClassLoader in jboss.rmi:type=RMIClassLoader
09:18:00,473 DEBUG [ServiceCreator] About to create bean: jboss:service=WebService with code: org.jboss.web.WebService
09:18:00,483 DEBUG [ServiceCreator] Created bean: jboss:service=WebService
09:18:00,483 DEBUG [ServiceConfigurator] BindAddress set to 0.0.0.0 in jboss:service=WebService
09:18:00,484 DEBUG [ServiceConfigurator] Port set to 8083 in jboss:service=WebService
09:18:00,484 DEBUG [ServiceConfigurator] Host set to Sheniqua in jboss:service=WebService
09:18:00,485 DEBUG [ServiceConfigurator] DownloadServerClasses set to true in jboss:service=WebService
09:18:00,485 DEBUG [ServiceConfigurator] DownloadResources set to false in jboss:service=WebService
09:18:00,485 DEBUG [ServiceController] recording that jboss:service=WebService depends on jboss.system:service=ThreadPool
09:18:00,485 DEBUG [ServiceConfigurator] considering ThreadPool with object name jboss.system:service=ThreadPool
09:18:00,489 DEBUG [ServiceCreator] About to create xmbean object: jboss:service=NamingBeanImpl with code: org.jnp.server.NamingBeanImpl with descriptor: resource:xmdesc/NamingBean-xmbean.xml
09:18:00,504 DEBUG [ServiceCreator] Created bean: jboss:service=NamingBeanImpl
09:18:00,505 DEBUG [ServiceCreator] About to create xmbean object: jboss:service=Naming with code: org.jboss.naming.NamingService with descriptor: resource:xmdesc/NamingService-xmbean.xml
09:18:00,540 DEBUG [ModelMBeanInvoker] Ignoring obsolete legacy interceptor: org.jboss.mx.interceptor.PersistenceInterceptor2
09:18:00,540 DEBUG [ModelMBeanInvoker] Ignoring obsolete legacy interceptor: org.jboss.mx.interceptor.ModelMBeanInterceptor
09:18:00,540 DEBUG [ModelMBeanInvoker] Ignoring obsolete legacy interceptor: org.jboss.mx.interceptor.ObjectReferenceInterceptor
09:18:00,541 DEBUG [ServiceCreator] Created bean: jboss:service=Naming
09:18:00,541 DEBUG [ServiceConfigurator] CallByValue set to false in jboss:service=Naming
09:18:00,542 DEBUG [ServiceConfigurator] Port set to 1099 in jboss:service=Naming
09:18:00,543 DEBUG [ServiceConfigurator] BindAddress set to 0.0.0.0 in jboss:service=Naming
09:18:00,543 DEBUG [ServiceConfigurator] RmiPort set to 1098 in jboss:service=Naming
09:18:00,544 DEBUG [ServiceConfigurator] RmiBindAddress set to 0.0.0.0 in jboss:service=Naming
09:18:00,544 DEBUG [ServiceController] recording that jboss:service=Naming depends on jboss.system:service=ThreadPool
09:18:00,544 DEBUG [ServiceConfigurator] considering LookupPool with object name jboss.system:service=ThreadPool
09:18:00,548 DEBUG [ServiceController] recording that jboss:service=Naming depends on jboss:service=NamingBeanImpl
09:18:00,548 DEBUG [ServiceConfigurator] considering Naming with object name jboss:service=NamingBeanImpl
09:18:00,550 DEBUG [ServiceCreator] About to create xmbean object: jboss:service=JNDIView with code: org.jboss.naming.JNDIView with descriptor: resource:xmdesc/JNDIView-xmbean.xml
09:18:00,567 DEBUG [ServiceCreator] Created bean: jboss:service=JNDIView
09:18:00,568 DEBUG [ServiceConfigurator] HANamingService set to jboss:service=HAJNDI in jboss:service=JNDIView
09:18:00,568 DEBUG [ServiceCreator] About to create bean: jboss.security:service=SecurityConfig with code: org.jboss.security.plugins.SecurityConfig
09:18:00,574 DEBUG [ServiceCreator] Created bean: jboss.security:service=SecurityConfig
09:18:00,574 DEBUG [ServiceConfigurator] LoginConfig set to jboss.security:service=XMLLoginConfig in jboss.security:service=SecurityConfig
09:18:00,575 DEBUG [ServiceCreator] About to create bean: jboss.security:service=XMLLoginConfig with code: org.jboss.security.auth.login.XMLLoginConfig
09:18:00,590 DEBUG [ServiceCreator] Created bean: jboss.security:service=XMLLoginConfig
09:18:00,590 DEBUG [ServiceConfigurator] ConfigResource set to login-config.xml in jboss.security:service=XMLLoginConfig
09:18:00,591 DEBUG [ServiceCreator] About to create bean: jboss.security:service=JaasSecurityManager with code: org.jboss.security.plugins.JaasSecurityManagerService
09:18:00,606 DEBUG [ServiceCreator] Created bean: jboss.security:service=JaasSecurityManager
09:18:00,606 DEBUG [ServiceConfigurator] ServerMode set to true in jboss.security:service=JaasSecurityManager
09:18:00,606 DEBUG [ServiceConfigurator] SecurityManagerClassName set to org.jboss.security.plugins.JaasSecurityManager in jboss.security:service=JaasSecurityManager
09:18:00,607 DEBUG [ServiceConfigurator] DefaultUnauthenticatedPrincipal set to anonymous in jboss.security:service=JaasSecurityManager
09:18:00,607 DEBUG [ServiceConfigurator] DefaultCacheTimeout set to 1800 in jboss.security:service=JaasSecurityManager
09:18:00,607 DEBUG [ServiceConfigurator] DefaultCacheResolution set to 60 in jboss.security:service=JaasSecurityManager
09:18:00,607 DEBUG [ServiceConfigurator] DeepCopySubjectMode set to false in jboss.security:service=JaasSecurityManager
09:18:00,608 DEBUG [JaasSecurityManagerService] setDeepCopySubjectMode=false
09:18:00,608 DEBUG [ServiceCreator] About to create bean: jboss:service=XidFactory with code: org.jboss.tm.XidFactory
09:18:00,613 DEBUG [ServiceCreator] Created bean: jboss:service=XidFactory
09:18:00,614 DEBUG [ServiceCreator] About to create bean: jboss:service=TransactionManager with code: com.arjuna.ats.jbossatx.jta.TransactionManagerService
09:18:00,667 DEBUG [ServiceCreator] Created bean: jboss:service=TransactionManager
09:18:00,670 DEBUG [ServiceConfigurator] TransactionTimeout set to 300 in jboss:service=TransactionManager
09:18:00,671 DEBUG [ServiceConfigurator] ObjectStoreDir set to C:\apps\dcm4chee-2.18.1-mysql\server\default\data/tx-object-store in jboss:service=TransactionManager
09:18:00,671 DEBUG [ServiceCreator] About to create xmbean object: jboss:service=ClientUserTransaction with code: org.jboss.tm.usertx.server.ClientUserTransactionService with descriptor: resource:xmdesc/ClientUserTransaction-xmbean.xml
09:18:00,682 DEBUG [ServiceCreator] Created bean: jboss:service=ClientUserTransaction
09:18:00,682 DEBUG [ServiceCreator] About to create bean: jboss:service=proxyFactory,target=ClientUserTransactionFactory with code: org.jboss.invocation.jrmp.server.JRMPProxyFactory
09:18:00,687 DEBUG [ServiceCreator] Created bean: jboss:service=proxyFactory,target=ClientUserTransactionFactory
09:18:00,688 DEBUG [ServiceConfigurator] InvokerName set to jboss:service=invoker,type=unified in jboss:service=proxyFactory,target=ClientUserTransactionFactory
09:18:00,688 DEBUG [ServiceConfigurator] TargetName set to jboss:service=ClientUserTransaction in jboss:service=proxyFactory,target=ClientUserTransactionFactory
09:18:00,689 DEBUG [ServiceConfigurator] JndiName set to UserTransactionSessionFactory in jboss:service=proxyFactory,target=ClientUserTransactionFactory
09:18:00,691 DEBUG [ServiceConfigurator] ExportedInterface set to interface org.jboss.tm.usertx.interfaces.UserTransactionSessionFactory in jboss:service=proxyFactory,target=ClientUserTransactionFactory
09:18:00,694 DEBUG [ServiceConfigurator] ClientInterceptors set to [interceptors: null] in jboss:service=proxyFactory,target=ClientUserTransactionFactory
09:18:00,697 DEBUG [JRMPProxyFactory] added interceptor type: class org.jboss.proxy.ClientMethodInterceptor
09:18:00,697 DEBUG [JRMPProxyFactory] added interceptor type: class org.jboss.invocation.InvokerInterceptor
09:18:00,697 DEBUG [ServiceController] recording that jboss:service=proxyFactory,target=ClientUserTransactionFactory depends on jboss:service=invoker,type=unified
09:18:00,697 DEBUG [ServiceConfigurator] considering <anonymous> with object name jboss:service=invoker,type=unified
09:18:00,697 DEBUG [ServiceController] recording that jboss:service=ClientUserTransaction depends on jboss:service=proxyFactory,target=ClientUserTransactionFactory
09:18:00,697 DEBUG [ServiceConfigurator] considering <anonymous> with object name jboss:service=proxyFactory,target=ClientUserTransactionFactory
09:18:00,697 DEBUG [ServiceCreator] About to create bean: jboss:service=proxyFactory,target=ClientUserTransaction with code: org.jboss.invocation.jrmp.server.JRMPProxyFactory
09:18:00,699 DEBUG [ServiceCreator] Created bean: jboss:service=proxyFactory,target=ClientUserTransaction
09:18:00,699 DEBUG [ServiceConfigurator] InvokerName set to jboss:service=invoker,type=unified in jboss:service=proxyFactory,target=ClientUserTransaction
09:18:00,700 DEBUG [ServiceConfigurator] TargetName set to jboss:service=ClientUserTransaction in jboss:service=proxyFactory,target=ClientUserTransaction
09:18:00,701 DEBUG [ServiceConfigurator] ExportedInterface set to interface org.jboss.tm.usertx.interfaces.UserTransactionSession in jboss:service=proxyFactory,target=ClientUserTransaction
09:18:00,703 DEBUG [ServiceConfigurator] ClientInterceptors set to [interceptors: null] in jboss:service=proxyFactory,target=ClientUserTransaction
09:18:00,704 DEBUG [JRMPProxyFactory] added interceptor type: class org.jboss.proxy.ClientMethodInterceptor
09:18:00,704 DEBUG [JRMPProxyFactory] added interceptor type: class org.jboss.invocation.InvokerInterceptor
09:18:00,704 DEBUG [ServiceController] recording that jboss:service=proxyFactory,target=ClientUserTransaction depends on jboss:service=invoker,type=unified
09:18:00,704 DEBUG [ServiceConfigurator] considering <anonymous> with object name jboss:service=invoker,type=unified
09:18:00,704 DEBUG [ServiceController] recording that jboss:service=ClientUserTransaction depends on jboss:service=proxyFactory,target=ClientUserTransaction
09:18:00,704 DEBUG [ServiceConfigurator] considering TxProxyName with object name jboss:service=proxyFactory,target=ClientUserTransaction
09:18:00,704 DEBUG [ServiceCreator] About to create bean: jboss:service=invoker,type=unified with code: org.jboss.invocation.unified.server.UnifiedInvoker
09:18:00,715 DEBUG [ServiceCreator] Created bean: jboss:service=invoker,type=unified
09:18:00,715 DEBUG [ServiceController] recording that jboss:service=invoker,type=unified depends on jboss:service=TransactionManager
09:18:00,715 DEBUG [ServiceConfigurator] considering <anonymous> with object name jboss:service=TransactionManager
09:18:00,715 DEBUG [ServiceController] recording that jboss:service=invoker,type=unified depends on jboss.remoting:service=Connector,transport=socket
09:18:00,715 DEBUG [ServiceConfigurator] considering <anonymous> with object name jboss.remoting:service=Connector,transport=socket
09:18:00,715 DEBUG [ServiceCreator] About to create bean: jboss:service=invoker,type=jrmp with code: org.jboss.invocation.jrmp.server.JRMPInvoker
09:18:00,914 DEBUG [ServiceCreator] Created bean: jboss:service=invoker,type=jrmp
09:18:00,915 DEBUG [ServiceConfigurator] RMIObjectPort set to 4444 in jboss:service=invoker,type=jrmp
09:18:00,917 DEBUG [ServiceConfigurator] ServerAddress set to 0.0.0.0 in jboss:service=invoker,type=jrmp
09:18:00,918 DEBUG [ServiceController] recording that jboss:service=invoker,type=jrmp depends on jboss:service=TransactionManager
09:18:00,918 DEBUG [ServiceConfigurator] considering <anonymous> with object name jboss:service=TransactionManager
09:18:00,918 DEBUG [ServiceCreator] About to create bean: jboss:service=invoker,type=local with code: org.jboss.invocation.local.LocalInvoker
09:18:00,928 DEBUG [ServiceCreator] Created bean: jboss:service=invoker,type=local
09:18:00,928 DEBUG [ServiceController] recording that jboss:service=invoker,type=local depends on jboss:service=TransactionManager
09:18:00,928 DEBUG [ServiceConfigurator] considering <anonymous> with object name jboss:service=TransactionManager
09:18:00,929 DEBUG [ServiceCreator] About to create bean: jboss:service=invoker,type=pooled with code: org.jboss.invocation.pooled.server.PooledInvoker
09:18:00,940 DEBUG [ServiceCreator] Created bean: jboss:service=invoker,type=pooled
09:18:00,941 DEBUG [ServiceConfigurator] NumAcceptThreads set to 1 in jboss:service=invoker,type=pooled
09:18:00,941 DEBUG [ServiceConfigurator] MaxPoolSize set to 300 in jboss:service=invoker,type=pooled
09:18:00,941 DEBUG [ServiceConfigurator] ClientMaxPoolSize set to 300 in jboss:service=invoker,type=pooled
09:18:00,941 DEBUG [ServiceConfigurator] SocketTimeout set to 60000 in jboss:service=invoker,type=pooled
09:18:00,942 DEBUG [ServiceConfigurator] ServerBindAddress set to 0.0.0.0 in jboss:service=invoker,type=pooled
09:18:00,942 DEBUG [ServiceConfigurator] ServerBindPort set to 4445 in jboss:service=invoker,type=pooled
09:18:00,943 DEBUG [ServiceConfigurator] ClientConnectAddress set to 0.0.0.0 in jboss:service=invoker,type=pooled
09:18:00,944 DEBUG [ServiceConfigurator] ClientConnectPort set to 0 in jboss:service=invoker,type=pooled
09:18:00,944 DEBUG [ServiceConfigurator] ClientRetryCount set to 1 in jboss:service=invoker,type=pooled
09:18:00,944 DEBUG [ServiceConfigurator] EnableTcpNoDelay set to false in jboss:service=invoker,type=pooled
09:18:00,945 DEBUG [ServiceController] recording that jboss:service=invoker,type=pooled depends on jboss:service=TransactionManager
09:18:00,945 DEBUG [ServiceConfigurator] considering TransactionManagerService with object name jboss:service=TransactionManager
09:18:00,945 DEBUG [ServiceCreator] About to create bean: jboss.remoting:service=NetworkRegistry with code: org.jboss.remoting.network.NetworkRegistry
09:18:00,974 DEBUG [ServiceCreator] Created bean: jboss.remoting:service=NetworkRegistry
09:18:00,974 DEBUG [ServiceCreator] About to create bean: jboss.remoting:service=Connector,transport=socket with code: org.jboss.remoting.transport.Connector
09:18:00,982 DEBUG [ServiceCreator] Created bean: jboss.remoting:service=Connector,transport=socket
09:18:00,985 DEBUG [ServiceConfigurator] Configuration set to [config: null] in jboss.remoting:service=Connector,transport=socket
09:18:00,985 DEBUG [ServiceController] recording that jboss.remoting:service=Connector,transport=socket depends on jboss.remoting:service=NetworkRegistry
09:18:00,985 DEBUG [ServiceConfigurator] considering <anonymous> with object name jboss.remoting:service=NetworkRegistry
09:18:00,985 DEBUG [ServiceCreator] About to create bean: jboss.jdbc:service=metadata with code: org.jboss.ejb.plugins.cmp.jdbc.metadata.MetaDataLibrary
09:18:00,989 DEBUG [ServiceCreator] Created bean: jboss.jdbc:service=metadata
09:18:00,989 DEBUG [ServiceCreator] About to create bean: jboss.deployment:type=DeploymentScanner,flavor=URL with code: org.jboss.deployment.scanner.URLDeploymentScanner
09:18:00,994 DEBUG [ServiceCreator] Created bean: jboss.deployment:type=DeploymentScanner,flavor=URL
09:18:00,994 DEBUG [ServiceController] recording that jboss.deployment:type=DeploymentScanner,flavor=URL depends on jboss.system:service=MainDeployer
09:18:00,995 DEBUG [ServiceConfigurator] considering Deployer with object name jboss.system:service=MainDeployer
09:18:00,996 DEBUG [ServiceConfigurator] URLComparator set to org.jboss.deployment.DeploymentSorter in jboss.deployment:type=DeploymentScanner,flavor=URL
09:18:01,000 DEBUG [ServiceConfigurator] FilterInstance set to org.jboss.deployment.scanner.DeploymentFilter@581ca937 in jboss.deployment:type=DeploymentScanner,flavor=URL
09:18:01,000 DEBUG [ServiceConfigurator] ScanPeriod set to 5000 in jboss.deployment:type=DeploymentScanner,flavor=URL
09:18:01,001 DEBUG [ServiceConfigurator] ScanEnabled set to true in jboss.deployment:type=DeploymentScanner,flavor=URL
09:18:01,001 DEBUG [ServiceConfigurator] URLs set to deploy/ in jboss.deployment:type=DeploymentScanner,flavor=URL
09:18:01,001 DEBUG [URLDeploymentScanner] Adding URL from spec: deploy/
09:18:01,001 DEBUG [URLDeploymentScanner] URL: file:/C:/apps/dcm4chee-2.18.1-mysql/server/default/deploy/
09:18:01,001 DEBUG [URLDeploymentScanner] Added url: file:/C:/apps/dcm4chee-2.18.1-mysql/server/default/deploy/
09:18:01,001 DEBUG [URLDeploymentScanner] URL list: [file:/C:/apps/dcm4chee-2.18.1-mysql/server/default/deploy/]
09:18:01,002 DEBUG [ServiceConfigurator] RecursiveSearch set to true in jboss.deployment:type=DeploymentScanner,flavor=URL
09:18:01,002 DEBUG [ServiceController] Creating service jboss.management.local:j2eeType=J2EEDomain,name=Manager
09:18:01,002 DEBUG [LocalJBossServerDomain] Creating jboss.management.local:j2eeType=J2EEDomain,name=Manager
09:18:01,002 DEBUG [LocalJBossServerDomain] setupJ2EEMBeans(), create J2EEServer instance
09:18:01,008 DEBUG [J2EEDomain] ctor, name: jboss.management.local:name=jboss.management.local,j2eeType=J2EEDomain
09:18:01,011 DEBUG [J2EEDomain] postRegister(), parent: null
09:18:01,014 DEBUG [J2EEServer] postRegister(), parent: jboss.management.local:j2eeType=J2EEDomain,name=jboss.management.local
09:18:01,025 DEBUG [JVM] postRegister(), parent: jboss.management.local:j2eeType=J2EEServer,name=Local
09:18:01,031 DEBUG [LocalJBossServerDomain] Registered as listener of: jboss.system:service=ServiceController
09:18:01,041 DEBUG [LocalJBossServerDomain] Registering with all deployers, mainDeployer=jboss.system:service=MainDeployer
09:18:01,041 DEBUG [LocalJBossServerDomain] Getting current deployers
09:18:01,041 DEBUG [LocalJBossServerDomain] Registering as listener of deployer: jboss.system:service=ServiceDeployer
09:18:01,042 DEBUG [LocalJBossServerDomain] Registering as listener of deployer: jboss.system:service=JARDeployer
09:18:01,042 DEBUG [LocalJBossServerDomain] Created jboss.management.local:j2eeType=J2EEDomain,name=Manager
09:18:01,042 DEBUG [LocalJBossServerDomain] handleNotification: javax.management.Notification[source=jboss.system:service=ServiceController][type=org.jboss.system.ServiceMBean.create][message=]
09:18:01,042 DEBUG [DefaultManagedObjectFactoryMap] Failed to find factory for event: javax.management.Notification[source=jboss.system:service=ServiceController][type=org.jboss.system.ServiceMBean.create][message=]
09:18:01,042 DEBUG [ServiceController] Creating dependent components for: jboss.management.local:j2eeType=J2EEDomain,name=Manager dependents are: []
09:18:01,042 DEBUG [ServiceController] Creating service jboss:service=AttributePersistenceService
09:18:01,042 DEBUG [AttributePersistenceService] Creating jboss:service=AttributePersistenceService
09:18:01,042 DEBUG [AttributePersistenceService] Created jboss:service=AttributePersistenceService
09:18:01,042 DEBUG [LocalJBossServerDomain] handleNotification: javax.management.Notification[source=jboss.system:service=ServiceController][type=org.jboss.system.ServiceMBean.create][message=]
09:18:01,042 DEBUG [DefaultManagedObjectFactoryMap] Failed to find factory for event: javax.management.Notification[source=jboss.system:service=ServiceController][type=org.jboss.system.ServiceMBean.create][message=]
09:18:01,042 DEBUG [ServiceController] Creating dependent components for: jboss:service=AttributePersistenceService dependents are: []
09:18:01,042 DEBUG [ServiceController] Creating service jboss.system:service=ThreadPool
09:18:01,042 DEBUG [LocalJBossServerDomain] handleNotification: javax.management.Notification[source=jboss.system:service=ServiceController][type=org.jboss.system.ServiceMBean.create][message=]
09:18:01,042 DEBUG [DefaultManagedObjectFactoryMap] Failed to find factory for event: javax.management.Notification[source=jboss.system:service=ServiceController][type=org.jboss.system.ServiceMBean.create][message=]
09:18:01,043 DEBUG [ServiceController] Creating dependent components for: jboss.system:service=ThreadPool dependents are: [ObjectName: jboss:service=WebService
  State: CONFIGURED
  I Depend On:
    jboss.system:service=ThreadPool
, ObjectName: jboss:service=Naming
  State: CONFIGURED
  I Depend On:
    jboss.system:service=ThreadPool
    jboss:service=NamingBeanImpl
]
09:18:01,043 DEBUG [ServiceController] Creating service jboss:service=WebService
09:18:01,043 DEBUG [WebService] Creating jboss:service=WebService
09:18:01,043 INFO  [WebService] Using RMI server codebase: http://Sheniqua:8083/
09:18:01,044 DEBUG [WebService] Created jboss:service=WebService
09:18:01,044 DEBUG [LocalJBossServerDomain] handleNotification: javax.management.Notification[source=jboss.system:service=ServiceController][type=org.jboss.system.ServiceMBean.create][message=]
09:18:01,044 DEBUG [DefaultManagedObjectFactoryMap] Failed to find factory for event: javax.management.Notification[source=jboss.system:service=ServiceController][type=org.jboss.system.ServiceMBean.create][message=]
09:18:01,044 DEBUG [ServiceController] Creating dependent components for: jboss:service=WebService dependents are: []
09:18:01,044 DEBUG [ServiceController] Creating service jboss:service=Naming
09:18:01,044 DEBUG [ServiceController] waiting in create of jboss:service=Naming waiting on jboss:service=NamingBeanImpl
09:18:01,044 DEBUG [ServiceController] Creating service jboss.system:type=Log4jService,service=Logging
09:18:01,044 DEBUG [Log4jService] Creating jboss.system:type=Log4jService,service=Logging
09:18:01,046 INFO  [Log4jService$URLWatchTimerTask] Configuring from URL: resource:jboss-log4j.xml
